Log file open, 04/23/18 03:30:40
LogWindows: Failed to load 'aqProf.dll' (GetLastError=126)
LogWindows: File 'aqProf.dll' does not exist
LogWindows: Failed to load 'VtuneApi.dll' (GetLastError=126)
LogWindows: File 'VtuneApi.dll' does not exist
LogWindows: Failed to load 'VtuneApi32e.dll' (GetLastError=126)
LogWindows: File 'VtuneApi32e.dll' does not exist
LogInit: Display: Running engine for game: MyProject
LogPlatformFile: Not using cached read wrapper
LogInit: Display: RandInit(-546670305) SRandInit(-546670305).
LogInit: Read version file with build ID '3944462'
LogInit: Overriding engine version to CL 3989454, compatible CL 3944462
LogInit: Registered custom module enumerator with build ID '3944462'
LogTaskGraph: Started task graph with 5 named threads and 11 total threads with 3 sets of task threads.
LogStats: Stats thread started at 0.163624
LogD3D11RHI: Aftermath initialized
LogICUInternationalization: Display: ICU TimeZone Detection - Raw Offset: -8:00, Platform Override: ''
LogModuleManager: Display: Found up-to-date module file ../../../Engine/Plugins/2D/Paper2D/Binaries/Win64/UE4Editor-Paper2D.dll (API version 3944462).
LogModuleManager: Display: Found up-to-date module file ../../../Engine/Plugins/2D/Paper2D/Binaries/Win64/UE4Editor-Paper2DEditor.dll (API version 3944462).
LogModuleManager: Display: Found up-to-date module file ../../../Engine/Plugins/2D/Paper2D/Binaries/Win64/UE4Editor-PaperSpriteSheetImporter.dll (API version 3944462).
LogModuleManager: Display: Found up-to-date module file ../../../Engine/Plugins/2D/Paper2D/Binaries/Win64/UE4Editor-PaperTiledImporter.dll (API version 3944462).
LogModuleManager: Display: Found up-to-date module file ../../../Engine/Plugins/2D/Paper2D/Binaries/Win64/UE4Editor-SmartSnapping.dll (API version 3944462).
LogModuleManager: Display: Found up-to-date module file ../../../Engine/Plugins/Blendables/LightPropagationVolume/Binaries/Win64/UE4Editor-LightPropagationVolumeRuntime.dll (API version 3944462).
LogModuleManager: Display: Found up-to-date module file ../../../Engine/Plugins/Blendables/LightPropagationVolume/Binaries/Win64/UE4Editor-LightPropagationVolumeEditor.dll (API version 3944462).
LogModuleManager: Display: Found up-to-date module file ../../../Engine/Plugins/Developer/CLionSourceCodeAccess/Binaries/Win64/UE4Editor-CLionSourceCodeAccess.dll (API version 3944462).
LogModuleManager: Display: Found up-to-date module file ../../../Engine/Plugins/Developer/GitSourceControl/Binaries/Win64/UE4Editor-GitSourceControl.dll (API version 3944462).
LogModuleManager: Display: Found up-to-date module file ../../../Engine/Plugins/Developer/PerforceSourceControl/Binaries/Win64/UE4Editor-PerforceSourceControl.dll (API version 3944462).
LogModuleManager: Display: Found up-to-date module file ../../../Engine/Plugins/Developer/SubversionSourceControl/Binaries/Win64/UE4Editor-SubversionSourceControl.dll (API version 3944462).
LogModuleManager: Display: Found up-to-date module file ../../../Engine/Plugins/Developer/UObjectPlugin/Binaries/Win64/UE4Editor-UObjectPlugin.dll (API version 3944462).
LogModuleManager: Display: Found up-to-date module file ../../../Engine/Plugins/Developer/VisualStudioCodeSourceCodeAccess/Binaries/Win64/UE4Editor-VisualStudioCodeSourceCodeAccess.dll (API version 3944462).
LogModuleManager: Display: Found up-to-date module file ../../../Engine/Plugins/Developer/VisualStudioSourceCodeAccess/Binaries/Win64/UE4Editor-VisualStudioSourceCodeAccess.dll (API version 3944462).
LogModuleManager: Display: Found up-to-date module file ../../../Engine/Plugins/Editor/AssetManagerEditor/Binaries/Win64/UE4Editor-AssetManagerEditor.dll (API version 3944462).
LogModuleManager: Display: Found up-to-date module file ../../../Engine/Plugins/Editor/CryptoKeys/Binaries/Win64/UE4Editor-CryptoKeys.dll (API version 3944462).
LogModuleManager: Display: Found up-to-date module file ../../../Engine/Plugins/Editor/CryptoKeys/Binaries/Win64/UE4Editor-CryptoKeysOpenSSL.dll (API version 3944462).
LogModuleManager: Display: Found up-to-date module file ../../../Engine/Plugins/Editor/DataValidation/Binaries/Win64/UE4Editor-DataValidation.dll (API version 3944462).
LogModuleManager: Display: Found up-to-date module file ../../../Engine/Plugins/Editor/FacialAnimation/Binaries/Win64/UE4Editor-FacialAnimation.dll (API version 3944462).
LogModuleManager: Display: Found up-to-date module file ../../../Engine/Plugins/Editor/FacialAnimation/Binaries/Win64/UE4Editor-FacialAnimationEditor.dll (API version 3944462).
LogModuleManager: Display: Found up-to-date module file ../../../Engine/Plugins/Editor/GameplayTagsEditor/Binaries/Win64/UE4Editor-GameplayTagsEditor.dll (API version 3944462).
LogModuleManager: Display: Found up-to-date module file ../../../Engine/Plugins/Editor/MobileLauncherProfileWizard/Binaries/Win64/UE4Editor-MobileLauncherProfileWizard.dll (API version 3944462).
LogModuleManager: Display: Found up-to-date module file ../../../Engine/Plugins/Editor/PluginBrowser/Binaries/Win64/UE4Editor-PluginBrowser.dll (API version 3944462).
LogModuleManager: Display: Found up-to-date module file ../../../Engine/Plugins/Editor/SpeedTreeImporter/Binaries/Win64/UE4Editor-SpeedTreeImporter.dll (API version 3944462).
LogModuleManager: Display: Found up-to-date module file ../../../Engine/Plugins/Enterprise/DatasmithContent/Binaries/Win64/UE4Editor-DatasmithContent.dll (API version 3944462).
LogModuleManager: Display: Found up-to-date module file ../../../Engine/Plugins/Experimental/AlembicImporter/Binaries/Win64/UE4Editor-AlembicImporter.dll (API version 3944462).
LogModuleManager: Display: Found up-to-date module file ../../../Engine/Plugins/Experimental/AlembicImporter/Binaries/Win64/UE4Editor-AlembicLibrary.dll (API version 3944462).
LogModuleManager: Display: Found up-to-date module file ../../../Engine/Plugins/Experimental/CharacterAI/Binaries/Win64/UE4Editor-CharacterAI.dll (API version 3944462).
LogModuleManager: Display: Found up-to-date module file ../../../Engine/Plugins/Experimental/HTML5Networking/Binaries/Win64/UE4Editor-HTML5Networking.dll (API version 3944462).
LogModuleManager: Display: Found up-to-date module file ../../../Engine/Plugins/Media/AndroidMedia/Binaries/Win64/UE4Editor-AndroidMediaEditor.dll (API version 3944462).
LogModuleManager: Display: Found up-to-date module file ../../../Engine/Plugins/Media/AndroidMedia/Binaries/Win64/UE4Editor-AndroidMediaFactory.dll (API version 3944462).
LogModuleManager: Display: Found up-to-date module file ../../../Engine/Plugins/Media/AvfMedia/Binaries/Win64/UE4Editor-AvfMediaEditor.dll (API version 3944462).
LogModuleManager: Display: Found up-to-date module file ../../../Engine/Plugins/Media/AvfMedia/Binaries/Win64/UE4Editor-AvfMediaFactory.dll (API version 3944462).
LogModuleManager: Display: Found up-to-date module file ../../../Engine/Plugins/Media/AvfMedia/Binaries/Win64/UE4Editor-AvfMediaFactory.dll (API version 3944462).
LogModuleManager: Display: Found up-to-date module file ../../../Engine/Plugins/Media/ImgMedia/Binaries/Win64/UE4Editor-ImgMedia.dll (API version 3944462).
LogModuleManager: Display: Found up-to-date module file ../../../Engine/Plugins/Media/ImgMedia/Binaries/Win64/UE4Editor-ImgMediaEditor.dll (API version 3944462).
LogModuleManager: Display: Found up-to-date module file ../../../Engine/Plugins/Media/ImgMedia/Binaries/Win64/UE4Editor-ImgMediaFactory.dll (API version 3944462).
LogModuleManager: Display: Found up-to-date module file ../../../Engine/Plugins/Media/ImgMedia/Binaries/Win64/UE4Editor-ImgMediaFactory.dll (API version 3944462).
LogModuleManager: Display: Found up-to-date module file ../../../Engine/Plugins/Media/ImgMedia/Binaries/Win64/UE4Editor-OpenExrWrapper.dll (API version 3944462).
LogModuleManager: Display: Found up-to-date module file ../../../Engine/Plugins/Media/LinearTimecode/Binaries/Win64/UE4Editor-LinearTimecode.dll (API version 3944462).
LogModuleManager: Display: Found up-to-date module file ../../../Engine/Plugins/Media/MediaCompositing/Binaries/Win64/UE4Editor-MediaCompositing.dll (API version 3944462).
LogModuleManager: Display: Found up-to-date module file ../../../Engine/Plugins/Media/MediaCompositing/Binaries/Win64/UE4Editor-MediaCompositingEditor.dll (API version 3944462).
LogModuleManager: Display: Found up-to-date module file ../../../Engine/Plugins/Media/MediaPlayerEditor/Binaries/Win64/UE4Editor-MediaPlayerEditor.dll (API version 3944462).
LogModuleManager: Display: Found up-to-date module file ../../../Engine/Plugins/Media/WmfMedia/Binaries/Win64/UE4Editor-WmfMedia.dll (API version 3944462).
LogModuleManager: Display: Found up-to-date module file ../../../Engine/Plugins/Media/WmfMedia/Binaries/Win64/UE4Editor-WmfMediaEditor.dll (API version 3944462).
LogModuleManager: Display: Found up-to-date module file ../../../Engine/Plugins/Media/WmfMedia/Binaries/Win64/UE4Editor-WmfMediaFactory.dll (API version 3944462).
LogModuleManager: Display: Found up-to-date module file ../../../Engine/Plugins/Media/WmfMedia/Binaries/Win64/UE4Editor-WmfMediaFactory.dll (API version 3944462).
LogModuleManager: Display: Found up-to-date module file ../../../Engine/Plugins/Messaging/TcpMessaging/Binaries/Win64/UE4Editor-TcpMessaging.dll (API version 3944462).
LogModuleManager: Display: Found up-to-date module file ../../../Engine/Plugins/Messaging/UdpMessaging/Binaries/Win64/UE4Editor-UdpMessaging.dll (API version 3944462).
LogModuleManager: Display: Found up-to-date module file ../../../Engine/Plugins/MovieScene/ActorSequence/Binaries/Win64/UE4Editor-ActorSequence.dll (API version 3944462).
LogModuleManager: Display: Found up-to-date module file ../../../Engine/Plugins/MovieScene/LevelSequenceEditor/Binaries/Win64/UE4Editor-LevelSequenceEditor.dll (API version 3944462).
LogModuleManager: Display: Found up-to-date module file ../../../Engine/Plugins/MovieScene/MatineeToLevelSequence/Binaries/Win64/UE4Editor-MatineeToLevelSequence.dll (API version 3944462).
LogModuleManager: Display: Found up-to-date module file ../../../Engine/Plugins/NetcodeUnitTest/NetcodeUnitTest/Binaries/Win64/UE4Editor-NetcodeUnitTest.dll (API version 3944462).
LogModuleManager: Display: Found up-to-date module file ../../../Engine/Plugins/NetcodeUnitTest/NUTUnrealEngine4/Binaries/Win64/UE4Editor-NUTUnrealEngine4.dll (API version 3944462).
LogModuleManager: Display: Found up-to-date module file ../../../Engine/Plugins/Online/OnlineSubsystem/Binaries/Win64/UE4Editor-OnlineSubsystem.dll (API version 3944462).
LogModuleManager: Display: Found up-to-date module file ../../../Engine/Plugins/Runtime/AndroidPermission/Binaries/Win64/UE4Editor-AndroidPermission.dll (API version 3944462).
LogModuleManager: Display: Found up-to-date module file ../../../Engine/Plugins/Online/OnlineSubsystemNull/Binaries/Win64/UE4Editor-OnlineSubsystemNull.dll (API version 3944462).
LogModuleManager: Display: Found up-to-date module file ../../../Engine/Plugins/Online/OnlineSubsystemUtils/Binaries/Win64/UE4Editor-OnlineSubsystemUtils.dll (API version 3944462).
LogModuleManager: Display: Found up-to-date module file ../../../Engine/Plugins/Online/OnlineSubsystemUtils/Binaries/Win64/UE4Editor-OnlineBlueprintSupport.dll (API version 3944462).
LogModuleManager: Display: Found up-to-date module file ../../../Engine/Plugins/Runtime/AndroidDeviceProfileSelector/Binaries/Win64/UE4Editor-AndroidDeviceProfileSelector.dll (API version 3944462).
LogModuleManager: Display: Found up-to-date module file ../../../Engine/Plugins/Runtime/AppleARKit/Binaries/Win64/UE4Editor-AppleARKit.dll (API version 3944462).
LogModuleManager: Display: Found up-to-date module file ../../../Engine/Plugins/Runtime/ProceduralMeshComponent/Binaries/Win64/UE4Editor-ProceduralMeshComponent.dll (API version 3944462).
LogModuleManager: Display: Found up-to-date module file ../../../Engine/Plugins/Runtime/ProceduralMeshComponent/Binaries/Win64/UE4Editor-ProceduralMeshComponentEditor.dll (API version 3944462).
LogModuleManager: Display: Found up-to-date module file ../../../Engine/Plugins/Animation/LiveLink/Binaries/Win64/UE4Editor-LiveLink.dll (API version 3944462).
LogModuleManager: Display: Found up-to-date module file ../../../Engine/Plugins/Animation/LiveLink/Binaries/Win64/UE4Editor-LiveLinkEditor.dll (API version 3944462).
LogModuleManager: Display: Found up-to-date module file ../../../Engine/Plugins/Runtime/ArchVisCharacter/Binaries/Win64/UE4Editor-ArchVisCharacter.dll (API version 3944462).
LogModuleManager: Display: Found up-to-date module file ../../../Engine/Plugins/Runtime/AudioCapture/Binaries/Win64/UE4Editor-AudioCapture.dll (API version 3944462).
LogModuleManager: Display: Found up-to-date module file ../../../Engine/Plugins/Runtime/AudioCapture/Binaries/Win64/UE4Editor-AudioCaptureEditor.dll (API version 3944462).
LogModuleManager: Display: Found up-to-date module file ../../../Engine/Plugins/Runtime/CableComponent/Binaries/Win64/UE4Editor-CableComponent.dll (API version 3944462).
LogModuleManager: Display: Found up-to-date module file ../../../Engine/Plugins/Runtime/CustomMeshComponent/Binaries/Win64/UE4Editor-CustomMeshComponent.dll (API version 3944462).
LogModuleManager: Display: Found up-to-date module file ../../../Engine/Plugins/Runtime/ExampleDeviceProfileSelector/Binaries/Win64/UE4Editor-ExampleDeviceProfileSelector.dll (API version 3944462).
LogModuleManager: Display: Found up-to-date module file ../../../Engine/Plugins/Runtime/ImmediatePhysics/Binaries/Win64/UE4Editor-ImmediatePhysics.dll (API version 3944462).
LogModuleManager: Display: Found up-to-date module file ../../../Engine/Plugins/Runtime/ImmediatePhysics/Binaries/Win64/UE4Editor-ImmediatePhysicsEditor.dll (API version 3944462).
LogModuleManager: Display: Found up-to-date module file ../../../Engine/Plugins/Runtime/LocationServicesBPLibrary/Binaries/Win64/UE4Editor-LocationServicesBPLibrary.dll (API version 3944462).
LogModuleManager: Display: Found up-to-date module file ../../../Engine/Plugins/Runtime/MobilePatchingUtils/Binaries/Win64/UE4Editor-MobilePatchingUtils.dll (API version 3944462).
LogModuleManager: Display: Found up-to-date module file ../../../Engine/Plugins/Runtime/Oculus/OculusVR/Binaries/Win64/UE4Editor-OculusHMD.dll (API version 3944462).
LogModuleManager: Display: Found up-to-date module file ../../../Engine/Plugins/Runtime/Oculus/OculusVR/Binaries/Win64/UE4Editor-OculusInput.dll (API version 3944462).
LogModuleManager: Display: Found up-to-date module file ../../../Engine/Plugins/Runtime/Oculus/OculusVR/Binaries/Win64/UE4Editor-OculusEditor.dll (API version 3944462).
LogModuleManager: Display: Found up-to-date module file ../../../Engine/Plugins/Runtime/PhysXVehicles/Binaries/Win64/UE4Editor-PhysXVehicles.dll (API version 3944462).
LogModuleManager: Display: Found up-to-date module file ../../../Engine/Plugins/Runtime/PhysXVehicles/Binaries/Win64/UE4Editor-PhysXVehiclesEditor.dll (API version 3944462).
LogModuleManager: Display: Found up-to-date module file ../../../Engine/Plugins/Runtime/RuntimePhysXCooking/Binaries/Win64/UE4Editor-RuntimePhysXCooking.dll (API version 3944462).
LogModuleManager: Display: Found up-to-date module file ../../../Engine/Plugins/Runtime/Steam/SteamVR/Binaries/Win64/UE4Editor-SteamVR.dll (API version 3944462).
LogModuleManager: Display: Found up-to-date module file ../../../Engine/Plugins/Runtime/Steam/SteamVR/Binaries/Win64/UE4Editor-SteamVRController.dll (API version 3944462).
LogModuleManager: Display: Found up-to-date module file ../../../Engine/Plugins/Runtime/WindowsMoviePlayer/Binaries/Win64/UE4Editor-WindowsMoviePlayer.dll (API version 3944462).
LogPluginManager: Mounting plugin Paper2D
LogPluginManager: Mounting plugin LiveLink
LogPluginManager: Mounting plugin LightPropagationVolume
LogPluginManager: Mounting plugin CLionSourceCodeAccess
LogPluginManager: Mounting plugin CodeLiteSourceCodeAccess
LogPluginManager: Mounting plugin GitSourceControl
LogPluginManager: Mounting plugin KDevelopSourceCodeAccess
LogPluginManager: Mounting plugin NullSourceCodeAccess
LogPluginManager: Mounting plugin PerforceSourceControl
LogPluginManager: Mounting plugin SubversionSourceControl
LogPluginManager: Mounting plugin UObjectPlugin
LogPluginManager: Mounting plugin VisualStudioCodeSourceCodeAccess
LogPluginManager: Mounting plugin VisualStudioSourceCodeAccess
LogPluginManager: Mounting plugin XCodeSourceCodeAccess
LogPluginManager: Mounting plugin AssetManagerEditor
LogPluginManager: Mounting plugin CryptoKeys
LogPluginManager: Mounting plugin DataValidation
LogPluginManager: Mounting plugin FacialAnimation
LogPluginManager: Mounting plugin GameplayTagsEditor
LogPluginManager: Mounting plugin MobileLauncherProfileWizard
LogPluginManager: Mounting plugin PluginBrowser
LogPluginManager: Mounting plugin SpeedTreeImporter
LogPluginManager: Mounting plugin DatasmithContent
LogPluginManager: Mounting plugin AlembicImporter
LogPluginManager: Mounting plugin CharacterAI
LogPluginManager: Mounting plugin HTML5Networking
LogPluginManager: Mounting plugin AndroidMedia
LogPluginManager: Mounting plugin AvfMedia
LogPluginManager: Mounting plugin ImgMedia
LogPluginManager: Mounting plugin LinearTimecode
LogPluginManager: Mounting plugin MediaCompositing
LogPluginManager: Mounting plugin MediaPlayerEditor
LogPluginManager: Mounting plugin WmfMedia
LogPluginManager: Mounting plugin TcpMessaging
LogPluginManager: Mounting plugin UdpMessaging
LogPluginManager: Mounting plugin ActorSequence
LogPluginManager: Mounting plugin LevelSequenceEditor
LogPluginManager: Mounting plugin MatineeToLevelSequence
LogPluginManager: Mounting plugin NetcodeUnitTest
LogPluginManager: Mounting plugin NUTUnrealEngine4
LogPluginManager: Mounting plugin OnlineSubsystemGooglePlay
LogPluginManager: Mounting plugin OnlineSubsystemIOS
LogPluginManager: Mounting plugin OnlineSubsystem
LogPluginManager: Mounting plugin OnlineSubsystemNull
LogPluginManager: Mounting plugin OnlineSubsystemUtils
LogPluginManager: Mounting plugin AndroidDeviceProfileSelector
LogPluginManager: Mounting plugin AndroidMoviePlayer
LogPluginManager: Mounting plugin AndroidPermission
LogPluginManager: Mounting plugin AppleARKit
LogPluginManager: Mounting plugin AppleMoviePlayer
LogPluginManager: Mounting plugin ArchVisCharacter
LogPluginManager: Mounting plugin AudioCapture
LogPluginManager: Mounting plugin CableComponent
LogPluginManager: Mounting plugin CustomMeshComponent
LogPluginManager: Mounting plugin ExampleDeviceProfileSelector
LogPluginManager: Mounting plugin GoogleCloudMessaging
LogPluginManager: Mounting plugin ImmediatePhysics
LogPluginManager: Mounting plugin IOSDeviceProfileSelector
LogPluginManager: Mounting plugin LinuxDeviceProfileSelector
LogPluginManager: Mounting plugin LocationServicesBPLibrary
LogPluginManager: Mounting plugin MobilePatchingUtils
LogPluginManager: Mounting plugin OculusVR
LogPluginManager: Plugin shader directory ../../../Engine/Plugins/Runtime/Oculus/OculusVR/Shaders found
LogPluginManager: Mapping shader source directory ../../../Engine/Plugins/Runtime/Oculus/OculusVR/Shaders to virtual directory /Plugin/OculusVR
LogPluginManager: Mounting plugin PhysXVehicles
LogPluginManager: Mounting plugin ProceduralMeshComponent
LogPluginManager: Mounting plugin RuntimePhysXCooking
LogPluginManager: Mounting plugin SteamVR
LogPluginManager: Mounting plugin WindowsMoviePlayer
LogStreaming: Display: Took  1.802s to configure plugins.
LogInit: Using libcurl 7.47.1
LogInit:  - built for x86_64-pc-win32
LogInit:  - supports SSL with OpenSSL/1.0.2g
LogInit:  - supports HTTP deflate (compression) using libz 1.2.8
LogInit:  - other features:
LogInit:      CURL_VERSION_SSL
LogInit:      CURL_VERSION_LIBZ
LogInit:      CURL_VERSION_IPV6
LogInit:      CURL_VERSION_ASYNCHDNS
LogInit:      CURL_VERSION_LARGEFILE
LogInit:      CURL_VERSION_IDN
LogInit:  CurlRequestOptions (configurable via config and command line):
LogInit:  - bVerifyPeer = false  - Libcurl will NOT verify peer certificate
LogInit:  - bUseHttpProxy = false  - Libcurl will NOT use HTTP proxy
LogInit:  - bDontReuseConnections = false  - Libcurl will reuse connections
LogInit:  - CertBundlePath = nullptr  - Libcurl will use whatever was configured at build time.
LogInit:  - MaxHostConnections = 16  - Libcurl will limit the number of connections to a host
LogInit:  - LocalHostAddr = Default
LogInit: WinSock: version 1.1 (2.2), MaxSocks=32767, MaxUdp=65467
LogInit: WinSock: I am Owner-PC (192.168.0.17:0)
LogInit: Build: ++UE4+Release-4.19-CL-3989454
LogInit: Engine Version: 4.19.1-3989454+++UE4+Release-4.19
LogInit: Compatible Engine Version: 4.19.0-3944462+++UE4+Release-4.19
LogInit: Net CL: 3944462
LogDevObjectVersion: Number of dev versions registered: 18
LogDevObjectVersion:   Dev-Blueprints (B0D832E4-1F89-4F0D-ACCF-7EB736FD4AA2): 10
LogDevObjectVersion:   Dev-Build (E1C64328-A22C-4D53-A36C-8E866417BD8C): 0
LogDevObjectVersion:   Dev-Core (375EC13C-06E4-48FB-B500-84F0262A717E): 2
LogDevObjectVersion:   Dev-Editor (E4B068ED-F494-42E9-A231-DA0B2E46BB41): 23
LogDevObjectVersion:   Dev-Framework (CFFC743F-43B0-4480-9391-14DF171D2073): 33
LogDevObjectVersion:   Dev-Mobile (B02B49B5-BB20-44E9-A304-32B752E40360): 2
LogDevObjectVersion:   Dev-Networking (A4E4105C-59A1-49B5-A7C5-40C4547EDFEE): 0
LogDevObjectVersion:   Dev-Online (39C831C9-5AE6-47DC-9A44-9C173E1C8E7C): 0
LogDevObjectVersion:   Dev-Physics (78F01B33-EBEA-4F98-B9B4-84EACCB95AA2): 0
LogDevObjectVersion:   Dev-Platform (6631380F-2D4D-43E0-8009-CF276956A95A): 0
LogDevObjectVersion:   Dev-Rendering (12F88B9F-8875-4AFC-A67C-D90C383ABD29): 25
LogDevObjectVersion:   Dev-Sequencer (7B5AE74C-D270-4C10-A958-57980B212A5A): 6
LogDevObjectVersion:   Dev-VR (D7296918-1DD6-4BDD-9DE2-64A83CC13884): 1
LogDevObjectVersion:   Dev-LoadTimes (C2A15278-BFE7-4AFE-6C17-90FF531DF755): 1
LogDevObjectVersion:   Private-Geometry (6EACA3D4-40EC-4CC1-B786-8BED09428FC5): 2
LogDevObjectVersion:   Dev-AnimPhys (29E575DD-E0A3-4627-9D10-D276232CDCEA): 16
LogDevObjectVersion:   Dev-ReflectionCapture (6B266CEC-1EC7-4B8F-A30B-E4D90942FC07): 1
LogDevObjectVersion:   Dev-Automation (0DF73D61-A23F-47EA-B727-89E90C41499A): 1
LogInit: Compiled (64-bit): Apr  6 2018 12:26:04
LogInit: Compiled with Visual C++: 19.00.24215.01
LogInit: Build Configuration: Development
LogInit: Branch Name: ++UE4+Release-4.19
LogInit: Command Line:  
LogInit: Base Directory: C:/Program Files/Epic Games/UE_4.19/Engine/Binaries/Win64/
LogInit: Installed Engine Build: 1
LogStreaming: Display: Took  0.040s to delete old logs.
LogInit: Presizing for max 8388607 objects, including 0 objects not considered by GC, pre-allocating 0 bytes for permanent pool.
LogInit: Object subsystem initialized
[2018.04.23-10.30.42:379][  0]LogInit: Selected Device Profile: [Windows]
[2018.04.23-10.30.42:379][  0]LogInit: Applying CVar settings loaded from the selected device profile: [Windows]
[2018.04.23-10.30.42:416][  0]LogInit: Computer: OWNER-PC
[2018.04.23-10.30.42:416][  0]LogInit: User: Owner
[2018.04.23-10.30.42:416][  0]LogInit: CPU Page size=4096, Cores=2
[2018.04.23-10.30.42:416][  0]LogInit: High frequency timer resolution =3.312791 MHz
[2018.04.23-10.30.42:416][  0]LogMemory: Memory total: Physical=7.9GB (8GB approx)
[2018.04.23-10.30.42:416][  0]LogMemory: Platform Memory Stats for Windows
[2018.04.23-10.30.42:416][  0]LogMemory: Process Physical Memory: 275.16 MB used, 275.16 MB peak
[2018.04.23-10.30.42:416][  0]LogMemory: Process Virtual Memory: 265.88 MB used, 265.88 MB peak
[2018.04.23-10.30.42:416][  0]LogMemory: Physical Memory: 2996.79 MB used,  5064.65 MB free, 8061.44 MB total
[2018.04.23-10.30.42:416][  0]LogMemory: Virtual Memory: 686.05 MB used,  5064.65 MB free, 134217728.00 MB total
[2018.04.23-10.30.42:442][  0]LogInit: Using OS detected language (en-US).
[2018.04.23-10.30.42:442][  0]LogInit: Using OS detected locale (en-US).
[2018.04.23-10.30.42:445][  0]LogTextLocalizationManager: No specific localization for 'en-US' exists, so the 'en' localization will be used.
[2018.04.23-10.30.43:011][  0]LogStreaming: Display: Took  0.570s to EndInitTextLocalization.
[2018.04.23-10.30.43:011][  0]LogInit: Setting process to per monitor DPI aware
[2018.04.23-10.30.43:054][  0]LogSlate: New Slate User Created.  User Index 0, Is Virtual User: 0
[2018.04.23-10.30.43:055][  0]LogSlate: Slate User Registered.  User Index 0, Is Virtual User: 0
[2018.04.23-10.30.43:318][  0]LogD3D11RHI: D3D11 adapters:
[2018.04.23-10.30.43:323][  0]LogD3D11RHI:    0. 'Intel(R) HD Graphics' (Feature Level 11_0)
[2018.04.23-10.30.43:323][  0]LogD3D11RHI:       32/0/1760 MB DedicatedVideo/DedicatedSystem/SharedSystem, Outputs:1, VendorId:0x8086
[2018.04.23-10.30.43:326][  0]LogD3D11RHI:    1. 'Microsoft Basic Render Driver' (Feature Level 11_0)
[2018.04.23-10.30.43:326][  0]LogD3D11RHI:       0/0/4030 MB DedicatedVideo/DedicatedSystem/SharedSystem, Outputs:0, VendorId:0x1414
[2018.04.23-10.30.43:326][  0]LogD3D11RHI: Chosen D3D11 Adapter: 0
[2018.04.23-10.30.43:332][  0]LogD3D11RHI: Creating new Direct3DDevice
[2018.04.23-10.30.43:332][  0]LogD3D11RHI:     GPU DeviceId: 0x152 (for the marketing name, search the web for "GPU Device Id")
[2018.04.23-10.30.43:332][  0]LogWindows: EnumDisplayDevices:
[2018.04.23-10.30.43:332][  0]LogWindows:    0. 'Intel(R) HD Graphics' (P:1 D:1)
[2018.04.23-10.30.43:332][  0]LogWindows:    1. 'Intel(R) HD Graphics' (P:0 D:0)
[2018.04.23-10.30.43:332][  0]LogWindows:    2. 'Intel(R) HD Graphics' (P:0 D:0)
[2018.04.23-10.30.43:332][  0]LogWindows: DebugString: GetVideoDriverDetailsInvalid PrimaryIsNotTheChoosenAdapter GetVideoDriverDetailsInvalid PrimaryIsNotTheChoosenAdapter GetVideoDriverDetailsInvalid PrimaryIsNotTheChoosenAdapter FoundDriverCount:0 
[2018.04.23-10.30.43:332][  0]LogD3D11RHI:     Adapter Name: Intel(R) HD Graphics
[2018.04.23-10.30.43:332][  0]LogD3D11RHI:   Driver Version: Unknown (internal:Unknown, unified:Unknown)
[2018.04.23-10.30.43:332][  0]LogD3D11RHI:      Driver Date: Unknown
[2018.04.23-10.30.43:332][  0]LogRHI: Texture pool is 638 MB (70% of 912 MB)
[2018.04.23-10.30.43:336][  0]LogD3D11RHI: Async texture creation enabled
[2018.04.23-10.30.43:341][  0]LogD3D11RHI: GPU Timing Frequency: 12.500000 (Debug: 2 0)
[2018.04.23-10.30.43:342][  0]LogShaderCompilers: Guid format shader working directory is -19 characters bigger than the processId version (../../../../../../Users/Owner/Documents/Unreal Projects/MyProject/Intermediate/Shaders/WorkingDirectory/9980/).
[2018.04.23-10.30.43:342][  0]LogShaderCompilers: Cleaned the shader compiler working directory 'C:/Users/Owner/AppData/Local/Temp/UnrealShaderWorkingDir/1C7A082D43C46874FA76AF9244B9C4D0/'.
[2018.04.23-10.30.43:624][  0]LogTemp: Display: Loaded TP AllDesktopTargetPlatform
[2018.04.23-10.30.43:640][  0]LogTemp: Display: Loaded TP MacClientTargetPlatform
[2018.04.23-10.30.43:658][  0]LogTemp: Display: Loaded TP MacNoEditorTargetPlatform
[2018.04.23-10.30.43:675][  0]LogTemp: Display: Loaded TP MacServerTargetPlatform
[2018.04.23-10.30.43:694][  0]LogTemp: Display: Loaded TP MacTargetPlatform
[2018.04.23-10.30.43:711][  0]LogTemp: Display: Loaded TP WindowsClientTargetPlatform
[2018.04.23-10.30.43:729][  0]LogTemp: Display: Loaded TP WindowsNoEditorTargetPlatform
[2018.04.23-10.30.43:745][  0]LogTemp: Display: Loaded TP WindowsServerTargetPlatform
[2018.04.23-10.30.43:755][  0]LogTemp: Display: Loaded TP WindowsTargetPlatform
[2018.04.23-10.30.43:771][  0]LogTemp: Display: Loaded TP Android_ASTCTargetPlatform
[2018.04.23-10.30.43:786][  0]LogTemp: Display: Loaded TP Android_ATCTargetPlatform
[2018.04.23-10.30.43:802][  0]LogTemp: Display: Loaded TP Android_DXTTargetPlatform
[2018.04.23-10.30.43:816][  0]LogTemp: Display: Loaded TP Android_ETC1aTargetPlatform
[2018.04.23-10.30.43:832][  0]LogTemp: Display: Loaded TP Android_ETC1TargetPlatform
[2018.04.23-10.30.43:846][  0]LogTemp: Display: Loaded TP Android_ETC2TargetPlatform
[2018.04.23-10.30.43:877][  0]LogTemp: Display: Loaded TP Android_MultiTargetPlatform
[2018.04.23-10.30.43:877][  0]LogTemp: Display: Loaded TP Android_PVRTCTargetPlatform
[2018.04.23-10.30.43:893][  0]LogTemp: Display: Loaded TP AndroidTargetPlatform
[2018.04.23-10.30.43:895][  0]LogTemp: Display: Loaded TP HTML5TargetPlatform
[2018.04.23-10.30.43:938][  0]LogTemp: Display: Loaded TP IOSTargetPlatform
[2018.04.23-10.30.43:954][  0]LogTemp: Display: Loaded TP TVOSTargetPlatform
[2018.04.23-10.30.43:970][  0]LogTemp: Display: Loaded TP LinuxClientTargetPlatform
[2018.04.23-10.30.43:985][  0]LogTemp: Display: Loaded TP LinuxNoEditorTargetPlatform
[2018.04.23-10.30.44:001][  0]LogTemp: Display: Loaded TP LinuxServerTargetPlatform
[2018.04.23-10.30.44:018][  0]LogTemp: Display: Loaded TP LinuxTargetPlatform
[2018.04.23-10.30.44:018][  0]LogTargetPlatformManager: Display: Building Assets For Windows
[2018.04.23-10.30.44:160][  0]LogXGEController: Cleaning working directory: C:/Users/Owner/AppData/Local/Temp/UnrealXGEWorkingDir/
[2018.04.23-10.30.44:160][  0]LogXGEController: Cannot use XGE Controller as Incredibuild is not installed on this machine.
[2018.04.23-10.30.44:160][  0]LogShaderCompilers: Cannot use XGE Shader Compiler as Incredibuild is not installed on this machine.
[2018.04.23-10.30.44:160][  0]LogShaderCompilers: Display: Using Local Shader Compiler.
[2018.04.23-10.30.45:088][  0]LogDerivedDataCache: Display: Max Cache Size: 512 MB
[2018.04.23-10.30.45:191][  0]LogDerivedDataCache: Loaded boot cache 0.10s 74MB C:/Users/Owner/AppData/Local/UnrealEngine/4.19/DerivedDataCache/Boot.ddc.
[2018.04.23-10.30.45:191][  0]LogDerivedDataCache: Display: Loaded Boot cache: C:/Users/Owner/AppData/Local/UnrealEngine/4.19/DerivedDataCache/Boot.ddc
[2018.04.23-10.30.45:191][  0]LogDerivedDataCache: FDerivedDataBackendGraph:  Pak pak cache file ../../../../../../Users/Owner/Documents/Unreal Projects/MyProject/DerivedDataCache/DDC.ddp not found, will not use a pak cache.
[2018.04.23-10.30.45:191][  0]LogDerivedDataCache: Unable to find inner node Pak for hierarchical cache Hierarchy.
[2018.04.23-10.30.45:191][  0]LogDerivedDataCache: FDerivedDataBackendGraph:  CompressedPak pak cache file ../../../../../../Users/Owner/Documents/Unreal Projects/MyProject/DerivedDataCache/Compressed.ddp not found, will not use a pak cache.
[2018.04.23-10.30.45:191][  0]LogDerivedDataCache: Unable to find inner node CompressedPak for hierarchical cache Hierarchy.
[2018.04.23-10.30.45:211][  0]LogDerivedDataCache: Display: Pak cache opened for reading ../../../Engine/DerivedDataCache/Compressed.ddp.
[2018.04.23-10.30.45:224][  0]LogDerivedDataCache: Using Local data cache path C:/Users/Owner/AppData/Local/UnrealEngine/Common/DerivedDataCache: Writable
[2018.04.23-10.30.45:239][  0]LogMaterial: Verifying Global Shaders for PCD3D_SM5
[2018.04.23-10.30.45:240][  0]LogSlate: Using Freetype 2.6.0
[2018.04.23-10.30.45:241][  0]LogSlate: SlateFontCache - WITH_FREETYPE: 1, WITH_HARFBUZZ: 1
[2018.04.23-10.30.45:241][  0]LogSlate: SlateFontCache - WITH_FREETYPE: 1, WITH_HARFBUZZ: 1
[2018.04.23-10.30.45:383][  0]LogAssetRegistry: FAssetRegistry took 0.0284 seconds to start up
[2018.04.23-10.30.45:845][  0]LogInit: Selected Device Profile: [Windows]
[2018.04.23-10.30.46:034][  0]LogSimplygon: Simplygon DLL not present - disabling.
[2018.04.23-10.30.46:038][  0]LogMeshReduction: Using SimplygonSwarm for distributed automatic mesh merging
[2018.04.23-10.30.46:038][  0]LogMeshReduction: Using QuadricMeshReduction for automatic static mesh reduction
[2018.04.23-10.30.46:038][  0]LogMeshReduction: No automatic skeletal mesh reduction module available
[2018.04.23-10.30.46:038][  0]LogMeshReduction: No automatic mesh merging module available
[2018.04.23-10.30.46:038][  0]LogMeshMerging: No automatic mesh merging module available
[2018.04.23-10.30.46:081][  0]LogNetVersion: MyProject , NetCL: 3944462, EngineNetVer: 2, GameNetVer: 0 (Checksum: 2475486345)
[2018.04.23-10.30.46:806][  0]LogPackageLocalizationCache: Processed 9 localized package path(s) for 2 prioritized culture(s) in 0.206298 seconds
[2018.04.23-10.30.46:813][  0]LogUObjectArray: 36728 objects as part of root set at end of initial load.
[2018.04.23-10.30.46:814][  0]LogUObjectAllocator: 7314312 out of 0 bytes used by permanent object pool.
[2018.04.23-10.30.46:814][  0]LogUObjectArray: CloseDisregardForGC: 0/0 objects in disregard for GC pool
[2018.04.23-10.30.48:810][  0]LogTcpMessaging: Initializing TcpMessaging bridge
[2018.04.23-10.30.48:845][  0]LogUdpMessaging: Initializing bridge on interface 0.0.0.0:0 to multicast group 230.0.0.1:6666.
[2018.04.23-10.30.49:295][  0]SourceControl: Source control is disabled
[2018.04.23-10.30.49:295][  0]SourceControl: Source control is disabled
[2018.04.23-10.30.49:318][  0]SourceControl: Source control is disabled
[2018.04.23-10.30.49:339][  0]SourceControl: Source control is disabled
[2018.04.23-10.30.49:930][  0]LogAndroidPermission: UAndroidPermissionCallbackProxy::GetInstance
[2018.04.23-10.30.50:107][  0]LogOcInput: OculusInput pre-init called
[2018.04.23-10.30.50:247][  0]LogEngine: Initializing Engine...
[2018.04.23-10.30.50:253][  0]LogHMD: Failed to initialize OpenVR with code 105
[2018.04.23-10.30.50:254][  0]LogStats: UGameplayTagsManager::ConstructGameplayTagTree: Construct from data asset -  0.000 s
[2018.04.23-10.30.50:254][  0]LogStats: UGameplayTagsManager::ConstructGameplayTagTree: GameplayTagTreeChangedEvent.Broadcast -  0.000 s
[2018.04.23-10.30.50:576][  0]LogAIModule: Creating AISystem for world Untitled
[2018.04.23-10.30.50:611][  0]LogInit: XAudio2 using 'Speakers (Realtek High Definition Audio)' : 2 channels at 48 kHz using 32 bits per sample (channel mask 0x3)
[2018.04.23-10.30.50:660][  0]LogInit: FAudioDevice initialized.
[2018.04.23-10.30.51:203][  0]LogDerivedDataCache: Saved boot cache 0.54s 74MB C:/Users/Owner/AppData/Local/UnrealEngine/4.19/DerivedDataCache/Boot.ddc.
[2018.04.23-10.30.51:225][  0]LogInit: Texture streaming: Enabled
[2018.04.23-10.30.51:249][  0]LogEngineSessionManager: EngineSessionManager initialized
[2018.04.23-10.30.51:249][  0]LogEngineSessionManager: EngineSessionManager sent abnormal shutdown report. Type=Crashed, SessionId={6F41BA92-42A0-981E-6612-D89BCEBE0C39}
[2018.04.23-10.30.51:349][  0]LogInit: Transaction tracking system initialized
[2018.04.23-10.30.51:383][  0]BlueprintLog: New page: Editor Load
[2018.04.23-10.30.51:485][  0]LocalizationService: Localization service is disabled
[2018.04.23-10.30.51:611][  0]LogConsoleResponse: Display: 
[2018.04.23-10.30.52:013][  0]LogCook: Display: Max memory allowance for cook 16384mb min free memory 0mb
[2018.04.23-10.30.52:013][  0]LogCook: Display: Mobile HDR setting 1
[2018.04.23-10.30.52:013][  0]LogFileCache: Scanning file cache for directory 'C:/Users/Owner/Documents/Unreal Projects/MyProject/Content/' took 0.02s
[2018.04.23-10.30.52:013][  0]LogGameplayTags: Display: UGameplayTagsManager::DoneAddingNativeTags. DelegateIsBound: 0
[2018.04.23-10.30.52:013][  0]LogStats: UGameplayTagsManager::ConstructGameplayTagTree: Construct from data asset -  0.000 s
[2018.04.23-10.30.52:013][  0]LogStats: UGameplayTagsManager::ConstructGameplayTagTree: GameplayTagTreeChangedEvent.Broadcast -  0.000 s
[2018.04.23-10.30.52:496][  0]SourceControl: Source control is disabled
[2018.04.23-10.30.52:496][  0]Cmd: MAP LOAD FILE="../../../Engine/Content/Maps/Templates/Template_Default.umap" TEMPLATE=1 SHOWPROGRESS=1 FEATURELEVEL=3
[2018.04.23-10.30.52:497][  0]LightingResults: New page: Lighting Build
[2018.04.23-10.30.52:500][  0]MapCheck: New page: Map Check
[2018.04.23-10.30.52:500][  0]LightingResults: New page: Lighting Build
[2018.04.23-10.30.52:782][  0]LogAIModule: Creating AISystem for world Untitled_1
[2018.04.23-10.30.52:791][  0]LogEditorServer: Finished looking for orphan Actors (0.000 secs)
[2018.04.23-10.30.52:815][  0]Cmd: MAP CHECKDEP NOCLEARLOG
[2018.04.23-10.30.52:878][  0]MapCheck: Map check complete: 0 Error(s), 0 Warning(s), took 62.627ms to complete.
[2018.04.23-10.30.52:878][  0]LogFileHelpers: Loading map 'Template_Default' took 0.382
[2018.04.23-10.30.52:953][  0]LogWindowsTextInputMethodSystem: Display: IME system now deactivated.
[2018.04.23-10.30.54:248][  0]LogCollectionManager: Loaded 0 collections in 0.002394 seconds
[2018.04.23-10.30.54:411][  0]LogFileCache: Scanning file cache for directory 'C:/Users/Owner/Documents/Unreal Projects/MyProject/Saved/Collections/' took 0.01s
[2018.04.23-10.30.54:411][  0]LogFileCache: Scanning file cache for directory 'C:/Users/Owner/Documents/Unreal Projects/MyProject/Content/Developers/Owner/Collections/' took 0.01s
[2018.04.23-10.30.54:411][  0]LogFileCache: Scanning file cache for directory 'C:/Users/Owner/Documents/Unreal Projects/MyProject/Content/Collections/' took 0.01s
[2018.04.23-10.30.54:411][  0]LogCollectionManager: Rebuilt the GUID cache for 0 collections in 0.000000 seconds
[2018.04.23-10.30.54:426][  0]LogContentBrowser: Native class hierarchy populated in 0.0137 seconds. Added 2452 classes and 558 folders.
[2018.04.23-10.30.54:587][  0]LogContentBrowser: Native class hierarchy updated for 'WidgetCarousel' in 0.0003 seconds. Added 0 classes and 0 folders.
[2018.04.23-10.30.55:752][  0]LogContentBrowser: Native class hierarchy updated for 'AddContentDialog' in 0.0003 seconds. Added 0 classes and 0 folders.
[2018.04.23-10.30.55:846][  0]LogContentBrowser: Native class hierarchy updated for 'SceneOutliner' in 0.0004 seconds. Added 1 classes and 2 folders.
[2018.04.23-10.30.56:437][  0]LogSlate: Took 0.000239 seconds to synchronously load lazily loaded font '../../../Engine/Content/Slate/Fonts/Roboto-Regular.ttf' (155K)
[2018.04.23-10.30.56:440][  0]LogSlate: Took 0.000370 seconds to synchronously load lazily loaded font '../../../Engine/Content/Slate/Fonts/Roboto-Bold.ttf' (160K)
[2018.04.23-10.30.56:576][  0]LogSlate: Took 0.043633 seconds to synchronously load lazily loaded font '../../../Engine/Content/Editor/Slate/Fonts/FontAwesome.ttf' (139K)
[2018.04.23-10.30.57:488][  0]LogRenderer: Reallocating scene render targets to support 1208x576 Format 10 NumSamples 1 (Frame:1).
[2018.04.23-10.30.59:588][  0]LogSlate: FSceneViewport::OnFocusLost() reason 2
[2018.04.23-10.30.59:794][  0]LogSlate: Window 'Tutorials' being destroyed
[2018.04.23-10.30.59:859][  0]LogContentBrowser: Native class hierarchy updated for 'HierarchicalLODOutliner' in 0.0003 seconds. Added 0 classes and 0 folders.
[2018.04.23-10.30.59:859][  0]LogLoad: (Engine Initialization) Total time: 21.34 seconds
[2018.04.23-10.30.59:859][  0]LogLoad: (Engine Initialization) Total Blueprint compile time: 0.00 seconds
[2018.04.23-10.30.59:991][  0]LogContentStreaming: Texture pool size now 1000 MB
[2018.04.23-10.31.00:140][  1]LogAssetRegistry: Asset discovery search completed in 14.7803 seconds
[2018.04.23-10.31.00:142][  1]LogCollectionManager: Rebuilt the object cache for 0 collections in 0.000001 seconds (found 0 objects)
[2018.04.23-10.31.00:142][  1]LogCollectionManager: Fixed up redirectors for 0 collections in 0.000081 seconds (updated 0 objects)
[2018.04.23-10.31.05:017][  3]LogD3D11RHI: Error: Direct3DDevice->CreateBuffer(&Desc, NULL, UniformBufferResource.GetInitReference()) failed 
 at D:\Build\++UE4+Release-4.19+Compile\Sync\Engine\Source\Runtime\Windows\D3D11RHI\Private\D3D11UniformBuffer.cpp:159 
 with error E_OUTOFMEMORY
[2018.04.23-10.31.42:427][  3]LogConsoleResponse:     65 = 5436 KB (2D 1208x576 PF_B8G8R8A8 RT 4xMSAA) EditorPrimitivesColor unused(1)
[2018.04.23-10.31.42:427][  3]LogConsoleResponse:     64 = 5436 KB (2D 1208x576 PF_DepthStencil 4xMSAA) EditorPrimitivesDepth unused(1)
[2018.04.23-10.31.42:427][  3]LogConsoleResponse:     34 = 5436 KB (2D 1208x576 PF_FloatRGBA RT UAV VRam) SceneColor VRamInKB(Start/Size):<NONE>
[2018.04.23-10.31.42:427][  3]LogConsoleResponse:     26 = 5436 KB (2D 1208x576 PF_FloatRGBA RT UAV) LightAccumulation
[2018.04.23-10.31.42:427][  3]LogConsoleResponse:     48 = 5436 KB (2D 1208x576 PF_FloatRGBA RT VRam) BokehDOFRecombine unused(1) VRamInKB(Start/Size):<NONE>
[2018.04.23-10.31.42:427][  3]LogConsoleResponse:     38 = 5436 KB (2D 1208x576 PF_FloatRGBA RT) ScreenSpaceReflections unused(1)
[2018.04.23-10.31.42:427][  3]LogConsoleResponse:     47 = 5436 KB (2D 1208x576 PF_FloatRGBA RT) SeparateTranslucency unused(1)
[2018.04.23-10.31.42:427][  3]LogConsoleResponse:     39 = 5436 KB (2D 1208x576 PF_FloatRGBA RT) SSRTemporalAA
[2018.04.23-10.31.42:427][  3]LogConsoleResponse:     28 = 2718 KB (2D 1208x576 PF_A2B10G10R10 RT) GBufferA
[2018.04.23-10.31.42:427][  3]LogConsoleResponse:     30 = 2718 KB (2D 1208x576 PF_B8G8R8A8 RT sRGB) GBufferC
[2018.04.23-10.31.42:427][  3]LogConsoleResponse:     29 = 2718 KB (2D 1208x576 PF_B8G8R8A8 RT VRam) GBufferB VRamInKB(Start/Size):<NONE>
[2018.04.23-10.31.42:427][  3]LogConsoleResponse:     31 = 2718 KB (2D 1208x576 PF_B8G8R8A8 RT) GBufferD
[2018.04.23-10.31.42:427][  3]LogConsoleResponse:     32 = 2718 KB (2D 1208x576 PF_B8G8R8A8 RT) GBufferE
[2018.04.23-10.31.42:427][  3]LogConsoleResponse:     66 = 2718 KB (2D 1208x576 PF_B8G8R8A8 RT) HitProxy unused(1)
[2018.04.23-10.31.42:427][  3]LogConsoleResponse:     17 = 2718 KB (2D 1208x576 PF_DepthStencil VRam) SceneDepthZ VRamInKB(Start/Size):<NONE>
[2018.04.23-10.31.42:427][  3]LogConsoleResponse:     35 = 2718 KB (2D 1208x576 PF_G16R16 RT) Velocity unused(1)
[2018.04.23-10.31.42:427][  3]LogConsoleResponse:     20 = 2048 KB (3D 64x64x64 PF_FloatRGBA RT UAV) TranslucentVolume0
[2018.04.23-10.31.42:427][  3]LogConsoleResponse:     22 = 2048 KB (3D 64x64x64 PF_FloatRGBA RT UAV) TranslucentVolume1
[2018.04.23-10.31.42:427][  3]LogConsoleResponse:     24 = 2048 KB (3D 64x64x64 PF_FloatRGBA RT UAV) TranslucentVolume2
[2018.04.23-10.31.42:427][  3]LogConsoleResponse:     21 = 2048 KB (3D 64x64x64 PF_FloatRGBA RT UAV) TranslucentVolumeDir0
[2018.04.23-10.31.42:427][  3]LogConsoleResponse:     23 = 2048 KB (3D 64x64x64 PF_FloatRGBA RT UAV) TranslucentVolumeDir1
[2018.04.23-10.31.42:427][  3]LogConsoleResponse:     25 = 2048 KB (3D 64x64x64 PF_FloatRGBA RT UAV) TranslucentVolumeDir2
[2018.04.23-10.31.42:427][  3]LogConsoleResponse:     33 = 1366 KB (2D 1024x512 PF_R16F RT VRam) HZB unused(1) VRamInKB(Start/Size):<NONE>
[2018.04.23-10.31.42:427][  3]LogConsoleResponse:     27 = 1359 KB (2D 1208x288 PF_R32_UINT RT UAV) QuadOverdrawBuffer
[2018.04.23-10.31.42:427][  3]LogConsoleResponse:     18 = 1359 KB (2D 604x288 PF_DepthStencil) SmallDepthZ
[2018.04.23-10.31.42:427][  3]LogConsoleResponse:     36 = 1359 KB (2D 604x288 PF_FloatRGBA RT VRam) AmbientOcclusionSetup VRamInKB(Start/Size):<NONE>
[2018.04.23-10.31.42:427][  3]LogConsoleResponse:     67 = 1024 KB (Cube 128 PF_FloatRGBA RT) ReflectionColorScratchCubemap0
[2018.04.23-10.31.42:427][  3]LogConsoleResponse:     68 = 1024 KB (Cube 128 PF_FloatRGBA RT) ReflectionColorScratchCubemap1
[2018.04.23-10.31.42:427][  3]LogConsoleResponse:     19 = 680 KB (2D 1208x576 PF_G8 RT UAV) ScreenSpaceAO
[2018.04.23-10.31.42:427][  3]LogConsoleResponse:     37 = 680 KB (2D 604x288 PF_B8G8R8A8 RT VRam) AmbientOcclusion VRamInKB(Start/Size):<NONE>
[2018.04.23-10.31.42:427][  3]LogConsoleResponse:     49 = 680 KB (2D 604x288 PF_FloatRGB RT VRam) BloomBlurY unused(1) VRamInKB(Start/Size):<NONE>
[2018.04.23-10.31.42:427][  3]LogConsoleResponse:     62 = 680 KB (2D 604x288 PF_FloatRGB RT) BloomBlurX unused(1)
[2018.04.23-10.31.42:427][  3]LogConsoleResponse:     46 = 512 KB (3D 256x128x2 PF_FloatRGBA RT) AtmosphereDeltaJ
[2018.04.23-10.31.42:427][  3]LogConsoleResponse:     45 = 512 KB (3D 256x128x2 PF_FloatRGBA RT) AtmosphereDeltaSM
[2018.04.23-10.31.42:427][  3]LogConsoleResponse:     44 = 512 KB (3D 256x128x2 PF_FloatRGBA RT) AtmosphereDeltaSR
[2018.04.23-10.31.42:427][  3]LogConsoleResponse:     43 = 512 KB (3D 256x128x2 PF_FloatRGBA RT) AtmosphereInscatter
[2018.04.23-10.31.42:427][  3]LogConsoleResponse:      2 = 256 KB (2D 256x256 PF_B8G8R8A8) HZBResultsCPU
[2018.04.23-10.31.42:427][  3]LogConsoleResponse:      4 = 256 KB (2D 256x256 PF_B8G8R8A8) HZBResultsCPU
[2018.04.23-10.31.42:428][  3]LogConsoleResponse:      3 = 256 KB (2D 256x256 PF_B8G8R8A8) HZBResultsCPU
[2018.04.23-10.31.42:428][  3]LogConsoleResponse:      1 = 256 KB (2D 256x256 PF_B8G8R8A8) HZBResultsCPU
[2018.04.23-10.31.42:428][  3]LogConsoleResponse:     52 = 170 KB (2D 302x144 PF_FloatRGB RT VRam) BloomBlurY unused(1) VRamInKB(Start/Size):<NONE>
[2018.04.23-10.31.42:428][  3]LogConsoleResponse:     61 = 170 KB (2D 302x144 PF_FloatRGB RT) BloomBlurX unused(1)
[2018.04.23-10.31.42:428][  3]LogConsoleResponse:     40 = 128 KB (2D 256x64 PF_FloatRGBA RT) AtmosphereTransmittance
[2018.04.23-10.31.42:428][  3]LogConsoleResponse:     63 = 128 KB (3D 32x32x32 PF_A2B10G10R10 RT) CombineLUTs
[2018.04.23-10.31.42:428][  3]LogConsoleResponse:     10 = 64 KB (2D 128x128 PF_B8G8R8A8) PerlinNoiseGradient
[2018.04.23-10.31.42:428][  3]LogConsoleResponse:     69 = 64 KB (Cube 32 PF_FloatRGBA RT) DiffuseIrradianceScratchCubemap0
[2018.04.23-10.31.42:428][  3]LogConsoleResponse:     70 = 64 KB (Cube 32 PF_FloatRGBA RT) DiffuseIrradianceScratchCubemap1
[2018.04.23-10.31.42:428][  3]LogConsoleResponse:     53 = 43 KB (2D 151x72 PF_FloatRGB RT VRam) BloomBlurY unused(1) VRamInKB(Start/Size):<NONE>
[2018.04.23-10.31.42:428][  3]LogConsoleResponse:     60 = 43 KB (2D 151x72 PF_FloatRGB RT) BloomBlurX unused(1)
[2018.04.23-10.31.42:428][  3]LogConsoleResponse:     16 = 16 KB (2D 128x32 PF_G16R16) PreintegratedGF
[2018.04.23-10.31.42:428][  3]LogConsoleResponse:     14 = 16 KB (3D 16x16x16 PF_B8G8R8A8) PerlinNoise3D
[2018.04.23-10.31.42:428][  3]LogConsoleResponse:     72 = 11 KB (2D 64x64 PF_R16F RT VRam) HZB VRamInKB(Start/Size):<NONE>
[2018.04.23-10.31.42:428][  3]LogConsoleResponse:     54 = 11 KB (2D 76x36 PF_FloatRGB RT VRam) BloomBlurY unused(1) VRamInKB(Start/Size):<NONE>
[2018.04.23-10.31.42:428][  3]LogConsoleResponse:     59 = 11 KB (2D 76x36 PF_FloatRGB RT) BloomBlurX unused(1)
[2018.04.23-10.31.42:428][  3]LogConsoleResponse:     42 = 8 KB (2D 64x16 PF_FloatRGBA RT) AtmosphereDeltaE
[2018.04.23-10.31.42:428][  3]LogConsoleResponse:     41 = 8 KB (2D 64x16 PF_FloatRGBA RT) AtmosphereIrradiance
[2018.04.23-10.31.42:428][  3]LogConsoleResponse:     15 = 8 KB (2D 64x64 PF_R8G8) SSAORandomization
[2018.04.23-10.31.42:428][  3]LogConsoleResponse:     55 = 3 KB (2D 38x18 PF_FloatRGB RT VRam) BloomBlurY unused(1) VRamInKB(Start/Size):<NONE>
[2018.04.23-10.31.42:428][  3]LogConsoleResponse:     58 = 3 KB (2D 38x18 PF_FloatRGB RT) BloomBlurX unused(1)
[2018.04.23-10.31.42:428][  3]LogConsoleResponse:     56 = 1 KB (2D 19x9 PF_FloatRGB RT VRam) BloomBlurY unused(1) VRamInKB(Start/Size):<NONE>
[2018.04.23-10.31.42:428][  3]LogConsoleResponse:     57 = 1 KB (2D 19x9 PF_FloatRGB RT) BloomBlurX unused(1)
[2018.04.23-10.31.42:428][  3]LogConsoleResponse:      7 = 1 KB (2D 1x1 PF_B8G8R8A8 RT) BlackAlphaOneDummy
[2018.04.23-10.31.42:428][  3]LogConsoleResponse:      6 = 1 KB (2D 1x1 PF_B8G8R8A8 RT) BlackDummy
[2018.04.23-10.31.42:428][  3]LogConsoleResponse:      9 = 1 KB (2D 1x1 PF_B8G8R8A8 RT) DefaultNormal8Bit
[2018.04.23-10.31.42:428][  3]LogConsoleResponse:      8 = 1 KB (2D 1x1 PF_B8G8R8A8 RT) GreenDummy
[2018.04.23-10.31.42:428][  3]LogConsoleResponse:      5 = 1 KB (2D 1x1 PF_B8G8R8A8 RT) WhiteDummy
[2018.04.23-10.31.42:428][  3]LogConsoleResponse:     13 = 1 KB (2D 1x1 PF_DepthStencil) DepthDummy
[2018.04.23-10.31.42:428][  3]LogConsoleResponse:     12 = 1 KB (2D 1x1 PF_FloatRGBA RT) MaxFP16Depth
[2018.04.23-10.31.42:428][  3]LogConsoleResponse:     73 = 1 KB (2D 1x1 PF_FloatRGBA RT) ReflectionBrightness
[2018.04.23-10.31.42:428][  3]LogConsoleResponse:     51 = 1 KB (2D 1x1 PF_G32R32F RT UAV) EyeAdaptation
[2018.04.23-10.31.42:428][  3]LogConsoleResponse:     50 = 1 KB (2D 1x1 PF_G32R32F RT UAV) EyeAdaptation
[2018.04.23-10.31.42:428][  3]LogConsoleResponse:     11 = 1 KB (2D 32x16 PF_R16_UINT) SobolSampling
[2018.04.23-10.31.42:428][  3]LogConsoleResponse:     71 = 1 KB (2D 9x1 PF_FloatRGBA RT) SkySHIrradianceMap
[2018.04.23-10.31.42:428][  3]LogConsoleResponse: 
[2018.04.23-10.31.42:428][  3]LogConsoleResponse: Pool: 40/90 MB (referenced/allocated)
[2018.04.23-10.31.42:428][  3]LogWindows: FPlatformMisc::RequestExit(1)
[2018.04.23-10.31.42:428][  3]Log file closed, 04/23/18 03:31:42
