Log file open, 04/23/18 02:40:17
LogWindows: Failed to load 'aqProf.dll' (GetLastError=126)
LogWindows: File 'aqProf.dll' does not exist
LogWindows: Failed to load 'VtuneApi.dll' (GetLastError=126)
LogWindows: File 'VtuneApi.dll' does not exist
LogWindows: Failed to load 'VtuneApi32e.dll' (GetLastError=126)
LogWindows: File 'VtuneApi32e.dll' does not exist
LogInit: Display: Running engine for game: MyProject
LogPlatformFile: Not using cached read wrapper
LogInit: Display: RandInit(-1692833714) SRandInit(-1692833714).
LogInit: Read version file with build ID '3944462'
LogInit: Overriding engine version to CL 3989454, compatible CL 3944462
LogInit: Registered custom module enumerator with build ID '3944462'
LogTaskGraph: Started task graph with 5 named threads and 11 total threads with 3 sets of task threads.
LogStats: Stats thread started at 0.201183
LogD3D11RHI: Aftermath initialized
LogICUInternationalization: Display: ICU TimeZone Detection - Raw Offset: -8:00, Platform Override: ''
LogModuleManager: Display: Found up-to-date module file ../../../Engine/Plugins/2D/Paper2D/Binaries/Win64/UE4Editor-Paper2D.dll (API version 3944462).
LogModuleManager: Display: Found up-to-date module file ../../../Engine/Plugins/2D/Paper2D/Binaries/Win64/UE4Editor-Paper2DEditor.dll (API version 3944462).
LogModuleManager: Display: Found up-to-date module file ../../../Engine/Plugins/2D/Paper2D/Binaries/Win64/UE4Editor-PaperSpriteSheetImporter.dll (API version 3944462).
LogModuleManager: Display: Found up-to-date module file ../../../Engine/Plugins/2D/Paper2D/Binaries/Win64/UE4Editor-PaperTiledImporter.dll (API version 3944462).
LogModuleManager: Display: Found up-to-date module file ../../../Engine/Plugins/2D/Paper2D/Binaries/Win64/UE4Editor-SmartSnapping.dll (API version 3944462).
LogModuleManager: Display: Found up-to-date module file ../../../Engine/Plugins/Blendables/LightPropagationVolume/Binaries/Win64/UE4Editor-LightPropagationVolumeRuntime.dll (API version 3944462).
LogModuleManager: Display: Found up-to-date module file ../../../Engine/Plugins/Blendables/LightPropagationVolume/Binaries/Win64/UE4Editor-LightPropagationVolumeEditor.dll (API version 3944462).
LogModuleManager: Display: Found up-to-date module file ../../../Engine/Plugins/Developer/CLionSourceCodeAccess/Binaries/Win64/UE4Editor-CLionSourceCodeAccess.dll (API version 3944462).
LogModuleManager: Display: Found up-to-date module file ../../../Engine/Plugins/Developer/GitSourceControl/Binaries/Win64/UE4Editor-GitSourceControl.dll (API version 3944462).
LogModuleManager: Display: Found up-to-date module file ../../../Engine/Plugins/Developer/PerforceSourceControl/Binaries/Win64/UE4Editor-PerforceSourceControl.dll (API version 3944462).
LogModuleManager: Display: Found up-to-date module file ../../../Engine/Plugins/Developer/SubversionSourceControl/Binaries/Win64/UE4Editor-SubversionSourceControl.dll (API version 3944462).
LogModuleManager: Display: Found up-to-date module file ../../../Engine/Plugins/Developer/UObjectPlugin/Binaries/Win64/UE4Editor-UObjectPlugin.dll (API version 3944462).
LogModuleManager: Display: Found up-to-date module file ../../../Engine/Plugins/Developer/VisualStudioCodeSourceCodeAccess/Binaries/Win64/UE4Editor-VisualStudioCodeSourceCodeAccess.dll (API version 3944462).
LogModuleManager: Display: Found up-to-date module file ../../../Engine/Plugins/Developer/VisualStudioSourceCodeAccess/Binaries/Win64/UE4Editor-VisualStudioSourceCodeAccess.dll (API version 3944462).
LogModuleManager: Display: Found up-to-date module file ../../../Engine/Plugins/Editor/AssetManagerEditor/Binaries/Win64/UE4Editor-AssetManagerEditor.dll (API version 3944462).
LogModuleManager: Display: Found up-to-date module file ../../../Engine/Plugins/Editor/CryptoKeys/Binaries/Win64/UE4Editor-CryptoKeys.dll (API version 3944462).
LogModuleManager: Display: Found up-to-date module file ../../../Engine/Plugins/Editor/CryptoKeys/Binaries/Win64/UE4Editor-CryptoKeysOpenSSL.dll (API version 3944462).
LogModuleManager: Display: Found up-to-date module file ../../../Engine/Plugins/Editor/DataValidation/Binaries/Win64/UE4Editor-DataValidation.dll (API version 3944462).
LogModuleManager: Display: Found up-to-date module file ../../../Engine/Plugins/Editor/FacialAnimation/Binaries/Win64/UE4Editor-FacialAnimation.dll (API version 3944462).
LogModuleManager: Display: Found up-to-date module file ../../../Engine/Plugins/Editor/FacialAnimation/Binaries/Win64/UE4Editor-FacialAnimationEditor.dll (API version 3944462).
LogModuleManager: Display: Found up-to-date module file ../../../Engine/Plugins/Editor/GameplayTagsEditor/Binaries/Win64/UE4Editor-GameplayTagsEditor.dll (API version 3944462).
LogModuleManager: Display: Found up-to-date module file ../../../Engine/Plugins/Editor/MobileLauncherProfileWizard/Binaries/Win64/UE4Editor-MobileLauncherProfileWizard.dll (API version 3944462).
LogModuleManager: Display: Found up-to-date module file ../../../Engine/Plugins/Editor/PluginBrowser/Binaries/Win64/UE4Editor-PluginBrowser.dll (API version 3944462).
LogModuleManager: Display: Found up-to-date module file ../../../Engine/Plugins/Editor/SpeedTreeImporter/Binaries/Win64/UE4Editor-SpeedTreeImporter.dll (API version 3944462).
LogModuleManager: Display: Found up-to-date module file ../../../Engine/Plugins/Enterprise/DatasmithContent/Binaries/Win64/UE4Editor-DatasmithContent.dll (API version 3944462).
LogModuleManager: Display: Found up-to-date module file ../../../Engine/Plugins/Experimental/AlembicImporter/Binaries/Win64/UE4Editor-AlembicImporter.dll (API version 3944462).
LogModuleManager: Display: Found up-to-date module file ../../../Engine/Plugins/Experimental/AlembicImporter/Binaries/Win64/UE4Editor-AlembicLibrary.dll (API version 3944462).
LogModuleManager: Display: Found up-to-date module file ../../../Engine/Plugins/Experimental/CharacterAI/Binaries/Win64/UE4Editor-CharacterAI.dll (API version 3944462).
LogModuleManager: Display: Found up-to-date module file ../../../Engine/Plugins/Experimental/HTML5Networking/Binaries/Win64/UE4Editor-HTML5Networking.dll (API version 3944462).
LogModuleManager: Display: Found up-to-date module file ../../../Engine/Plugins/Media/AndroidMedia/Binaries/Win64/UE4Editor-AndroidMediaEditor.dll (API version 3944462).
LogModuleManager: Display: Found up-to-date module file ../../../Engine/Plugins/Media/AndroidMedia/Binaries/Win64/UE4Editor-AndroidMediaFactory.dll (API version 3944462).
LogModuleManager: Display: Found up-to-date module file ../../../Engine/Plugins/Media/AvfMedia/Binaries/Win64/UE4Editor-AvfMediaEditor.dll (API version 3944462).
LogModuleManager: Display: Found up-to-date module file ../../../Engine/Plugins/Media/AvfMedia/Binaries/Win64/UE4Editor-AvfMediaFactory.dll (API version 3944462).
LogModuleManager: Display: Found up-to-date module file ../../../Engine/Plugins/Media/AvfMedia/Binaries/Win64/UE4Editor-AvfMediaFactory.dll (API version 3944462).
LogModuleManager: Display: Found up-to-date module file ../../../Engine/Plugins/Media/ImgMedia/Binaries/Win64/UE4Editor-ImgMedia.dll (API version 3944462).
LogModuleManager: Display: Found up-to-date module file ../../../Engine/Plugins/Media/ImgMedia/Binaries/Win64/UE4Editor-ImgMediaEditor.dll (API version 3944462).
LogModuleManager: Display: Found up-to-date module file ../../../Engine/Plugins/Media/ImgMedia/Binaries/Win64/UE4Editor-ImgMediaFactory.dll (API version 3944462).
LogModuleManager: Display: Found up-to-date module file ../../../Engine/Plugins/Media/ImgMedia/Binaries/Win64/UE4Editor-ImgMediaFactory.dll (API version 3944462).
LogModuleManager: Display: Found up-to-date module file ../../../Engine/Plugins/Media/ImgMedia/Binaries/Win64/UE4Editor-OpenExrWrapper.dll (API version 3944462).
LogModuleManager: Display: Found up-to-date module file ../../../Engine/Plugins/Media/LinearTimecode/Binaries/Win64/UE4Editor-LinearTimecode.dll (API version 3944462).
LogModuleManager: Display: Found up-to-date module file ../../../Engine/Plugins/Media/MediaCompositing/Binaries/Win64/UE4Editor-MediaCompositing.dll (API version 3944462).
LogModuleManager: Display: Found up-to-date module file ../../../Engine/Plugins/Media/MediaCompositing/Binaries/Win64/UE4Editor-MediaCompositingEditor.dll (API version 3944462).
LogModuleManager: Display: Found up-to-date module file ../../../Engine/Plugins/Media/MediaPlayerEditor/Binaries/Win64/UE4Editor-MediaPlayerEditor.dll (API version 3944462).
LogModuleManager: Display: Found up-to-date module file ../../../Engine/Plugins/Media/WmfMedia/Binaries/Win64/UE4Editor-WmfMedia.dll (API version 3944462).
LogModuleManager: Display: Found up-to-date module file ../../../Engine/Plugins/Media/WmfMedia/Binaries/Win64/UE4Editor-WmfMediaEditor.dll (API version 3944462).
LogModuleManager: Display: Found up-to-date module file ../../../Engine/Plugins/Media/WmfMedia/Binaries/Win64/UE4Editor-WmfMediaFactory.dll (API version 3944462).
LogModuleManager: Display: Found up-to-date module file ../../../Engine/Plugins/Media/WmfMedia/Binaries/Win64/UE4Editor-WmfMediaFactory.dll (API version 3944462).
LogModuleManager: Display: Found up-to-date module file ../../../Engine/Plugins/Messaging/TcpMessaging/Binaries/Win64/UE4Editor-TcpMessaging.dll (API version 3944462).
LogModuleManager: Display: Found up-to-date module file ../../../Engine/Plugins/Messaging/UdpMessaging/Binaries/Win64/UE4Editor-UdpMessaging.dll (API version 3944462).
LogModuleManager: Display: Found up-to-date module file ../../../Engine/Plugins/MovieScene/ActorSequence/Binaries/Win64/UE4Editor-ActorSequence.dll (API version 3944462).
LogModuleManager: Display: Found up-to-date module file ../../../Engine/Plugins/MovieScene/LevelSequenceEditor/Binaries/Win64/UE4Editor-LevelSequenceEditor.dll (API version 3944462).
LogModuleManager: Display: Found up-to-date module file ../../../Engine/Plugins/MovieScene/MatineeToLevelSequence/Binaries/Win64/UE4Editor-MatineeToLevelSequence.dll (API version 3944462).
LogModuleManager: Display: Found up-to-date module file ../../../Engine/Plugins/NetcodeUnitTest/NetcodeUnitTest/Binaries/Win64/UE4Editor-NetcodeUnitTest.dll (API version 3944462).
LogModuleManager: Display: Found up-to-date module file ../../../Engine/Plugins/NetcodeUnitTest/NUTUnrealEngine4/Binaries/Win64/UE4Editor-NUTUnrealEngine4.dll (API version 3944462).
LogModuleManager: Display: Found up-to-date module file ../../../Engine/Plugins/Online/OnlineSubsystem/Binaries/Win64/UE4Editor-OnlineSubsystem.dll (API version 3944462).
LogModuleManager: Display: Found up-to-date module file ../../../Engine/Plugins/Runtime/AndroidPermission/Binaries/Win64/UE4Editor-AndroidPermission.dll (API version 3944462).
LogModuleManager: Display: Found up-to-date module file ../../../Engine/Plugins/Online/OnlineSubsystemNull/Binaries/Win64/UE4Editor-OnlineSubsystemNull.dll (API version 3944462).
LogModuleManager: Display: Found up-to-date module file ../../../Engine/Plugins/Online/OnlineSubsystemUtils/Binaries/Win64/UE4Editor-OnlineSubsystemUtils.dll (API version 3944462).
LogModuleManager: Display: Found up-to-date module file ../../../Engine/Plugins/Online/OnlineSubsystemUtils/Binaries/Win64/UE4Editor-OnlineBlueprintSupport.dll (API version 3944462).
LogModuleManager: Display: Found up-to-date module file ../../../Engine/Plugins/Runtime/AndroidDeviceProfileSelector/Binaries/Win64/UE4Editor-AndroidDeviceProfileSelector.dll (API version 3944462).
LogModuleManager: Display: Found up-to-date module file ../../../Engine/Plugins/Runtime/AppleARKit/Binaries/Win64/UE4Editor-AppleARKit.dll (API version 3944462).
LogModuleManager: Display: Found up-to-date module file ../../../Engine/Plugins/Runtime/ProceduralMeshComponent/Binaries/Win64/UE4Editor-ProceduralMeshComponent.dll (API version 3944462).
LogModuleManager: Display: Found up-to-date module file ../../../Engine/Plugins/Runtime/ProceduralMeshComponent/Binaries/Win64/UE4Editor-ProceduralMeshComponentEditor.dll (API version 3944462).
LogModuleManager: Display: Found up-to-date module file ../../../Engine/Plugins/Animation/LiveLink/Binaries/Win64/UE4Editor-LiveLink.dll (API version 3944462).
LogModuleManager: Display: Found up-to-date module file ../../../Engine/Plugins/Animation/LiveLink/Binaries/Win64/UE4Editor-LiveLinkEditor.dll (API version 3944462).
LogModuleManager: Display: Found up-to-date module file ../../../Engine/Plugins/Runtime/ArchVisCharacter/Binaries/Win64/UE4Editor-ArchVisCharacter.dll (API version 3944462).
LogModuleManager: Display: Found up-to-date module file ../../../Engine/Plugins/Runtime/AudioCapture/Binaries/Win64/UE4Editor-AudioCapture.dll (API version 3944462).
LogModuleManager: Display: Found up-to-date module file ../../../Engine/Plugins/Runtime/AudioCapture/Binaries/Win64/UE4Editor-AudioCaptureEditor.dll (API version 3944462).
LogModuleManager: Display: Found up-to-date module file ../../../Engine/Plugins/Runtime/CableComponent/Binaries/Win64/UE4Editor-CableComponent.dll (API version 3944462).
LogModuleManager: Display: Found up-to-date module file ../../../Engine/Plugins/Runtime/CustomMeshComponent/Binaries/Win64/UE4Editor-CustomMeshComponent.dll (API version 3944462).
LogModuleManager: Display: Found up-to-date module file ../../../Engine/Plugins/Runtime/ExampleDeviceProfileSelector/Binaries/Win64/UE4Editor-ExampleDeviceProfileSelector.dll (API version 3944462).
LogModuleManager: Display: Found up-to-date module file ../../../Engine/Plugins/Runtime/ImmediatePhysics/Binaries/Win64/UE4Editor-ImmediatePhysics.dll (API version 3944462).
LogModuleManager: Display: Found up-to-date module file ../../../Engine/Plugins/Runtime/ImmediatePhysics/Binaries/Win64/UE4Editor-ImmediatePhysicsEditor.dll (API version 3944462).
LogModuleManager: Display: Found up-to-date module file ../../../Engine/Plugins/Runtime/LocationServicesBPLibrary/Binaries/Win64/UE4Editor-LocationServicesBPLibrary.dll (API version 3944462).
LogModuleManager: Display: Found up-to-date module file ../../../Engine/Plugins/Runtime/MobilePatchingUtils/Binaries/Win64/UE4Editor-MobilePatchingUtils.dll (API version 3944462).
LogModuleManager: Display: Found up-to-date module file ../../../Engine/Plugins/Runtime/Oculus/OculusVR/Binaries/Win64/UE4Editor-OculusHMD.dll (API version 3944462).
LogModuleManager: Display: Found up-to-date module file ../../../Engine/Plugins/Runtime/Oculus/OculusVR/Binaries/Win64/UE4Editor-OculusInput.dll (API version 3944462).
LogModuleManager: Display: Found up-to-date module file ../../../Engine/Plugins/Runtime/Oculus/OculusVR/Binaries/Win64/UE4Editor-OculusEditor.dll (API version 3944462).
LogModuleManager: Display: Found up-to-date module file ../../../Engine/Plugins/Runtime/PhysXVehicles/Binaries/Win64/UE4Editor-PhysXVehicles.dll (API version 3944462).
LogModuleManager: Display: Found up-to-date module file ../../../Engine/Plugins/Runtime/PhysXVehicles/Binaries/Win64/UE4Editor-PhysXVehiclesEditor.dll (API version 3944462).
LogModuleManager: Display: Found up-to-date module file ../../../Engine/Plugins/Runtime/RuntimePhysXCooking/Binaries/Win64/UE4Editor-RuntimePhysXCooking.dll (API version 3944462).
LogModuleManager: Display: Found up-to-date module file ../../../Engine/Plugins/Runtime/Steam/SteamVR/Binaries/Win64/UE4Editor-SteamVR.dll (API version 3944462).
LogModuleManager: Display: Found up-to-date module file ../../../Engine/Plugins/Runtime/Steam/SteamVR/Binaries/Win64/UE4Editor-SteamVRController.dll (API version 3944462).
LogModuleManager: Display: Found up-to-date module file ../../../Engine/Plugins/Runtime/WindowsMoviePlayer/Binaries/Win64/UE4Editor-WindowsMoviePlayer.dll (API version 3944462).
LogPluginManager: Mounting plugin Paper2D
LogPluginManager: Mounting plugin LiveLink
LogPluginManager: Mounting plugin LightPropagationVolume
LogPluginManager: Mounting plugin CLionSourceCodeAccess
LogPluginManager: Mounting plugin CodeLiteSourceCodeAccess
LogPluginManager: Mounting plugin GitSourceControl
LogPluginManager: Mounting plugin KDevelopSourceCodeAccess
LogPluginManager: Mounting plugin NullSourceCodeAccess
LogPluginManager: Mounting plugin PerforceSourceControl
LogPluginManager: Mounting plugin SubversionSourceControl
LogPluginManager: Mounting plugin UObjectPlugin
LogPluginManager: Mounting plugin VisualStudioCodeSourceCodeAccess
LogPluginManager: Mounting plugin VisualStudioSourceCodeAccess
LogPluginManager: Mounting plugin XCodeSourceCodeAccess
LogPluginManager: Mounting plugin AssetManagerEditor
LogPluginManager: Mounting plugin CryptoKeys
LogPluginManager: Mounting plugin DataValidation
LogPluginManager: Mounting plugin FacialAnimation
LogPluginManager: Mounting plugin GameplayTagsEditor
LogPluginManager: Mounting plugin MobileLauncherProfileWizard
LogPluginManager: Mounting plugin PluginBrowser
LogPluginManager: Mounting plugin SpeedTreeImporter
LogPluginManager: Mounting plugin DatasmithContent
LogPluginManager: Mounting plugin AlembicImporter
LogPluginManager: Mounting plugin CharacterAI
LogPluginManager: Mounting plugin HTML5Networking
LogPluginManager: Mounting plugin AndroidMedia
LogPluginManager: Mounting plugin AvfMedia
LogPluginManager: Mounting plugin ImgMedia
LogPluginManager: Mounting plugin LinearTimecode
LogPluginManager: Mounting plugin MediaCompositing
LogPluginManager: Mounting plugin MediaPlayerEditor
LogPluginManager: Mounting plugin WmfMedia
LogPluginManager: Mounting plugin TcpMessaging
LogPluginManager: Mounting plugin UdpMessaging
LogPluginManager: Mounting plugin ActorSequence
LogPluginManager: Mounting plugin LevelSequenceEditor
LogPluginManager: Mounting plugin MatineeToLevelSequence
LogPluginManager: Mounting plugin NetcodeUnitTest
LogPluginManager: Mounting plugin NUTUnrealEngine4
LogPluginManager: Mounting plugin OnlineSubsystemGooglePlay
LogPluginManager: Mounting plugin OnlineSubsystemIOS
LogPluginManager: Mounting plugin OnlineSubsystem
LogPluginManager: Mounting plugin OnlineSubsystemNull
LogPluginManager: Mounting plugin OnlineSubsystemUtils
LogPluginManager: Mounting plugin AndroidDeviceProfileSelector
LogPluginManager: Mounting plugin AndroidMoviePlayer
LogPluginManager: Mounting plugin AndroidPermission
LogPluginManager: Mounting plugin AppleARKit
LogPluginManager: Mounting plugin AppleMoviePlayer
LogPluginManager: Mounting plugin ArchVisCharacter
LogPluginManager: Mounting plugin AudioCapture
LogPluginManager: Mounting plugin CableComponent
LogPluginManager: Mounting plugin CustomMeshComponent
LogPluginManager: Mounting plugin ExampleDeviceProfileSelector
LogPluginManager: Mounting plugin GoogleCloudMessaging
LogPluginManager: Mounting plugin ImmediatePhysics
LogPluginManager: Mounting plugin IOSDeviceProfileSelector
LogPluginManager: Mounting plugin LinuxDeviceProfileSelector
LogPluginManager: Mounting plugin LocationServicesBPLibrary
LogPluginManager: Mounting plugin MobilePatchingUtils
LogPluginManager: Mounting plugin OculusVR
LogPluginManager: Plugin shader directory ../../../Engine/Plugins/Runtime/Oculus/OculusVR/Shaders found
LogPluginManager: Mapping shader source directory ../../../Engine/Plugins/Runtime/Oculus/OculusVR/Shaders to virtual directory /Plugin/OculusVR
LogPluginManager: Mounting plugin PhysXVehicles
LogPluginManager: Mounting plugin ProceduralMeshComponent
LogPluginManager: Mounting plugin RuntimePhysXCooking
LogPluginManager: Mounting plugin SteamVR
LogPluginManager: Mounting plugin WindowsMoviePlayer
LogStreaming: Display: Took  1.397s to configure plugins.
LogInit: Using libcurl 7.47.1
LogInit:  - built for x86_64-pc-win32
LogInit:  - supports SSL with OpenSSL/1.0.2g
LogInit:  - supports HTTP deflate (compression) using libz 1.2.8
LogInit:  - other features:
LogInit:      CURL_VERSION_SSL
LogInit:      CURL_VERSION_LIBZ
LogInit:      CURL_VERSION_IPV6
LogInit:      CURL_VERSION_ASYNCHDNS
LogInit:      CURL_VERSION_LARGEFILE
LogInit:      CURL_VERSION_IDN
LogInit:  CurlRequestOptions (configurable via config and command line):
LogInit:  - bVerifyPeer = false  - Libcurl will NOT verify peer certificate
LogInit:  - bUseHttpProxy = false  - Libcurl will NOT use HTTP proxy
LogInit:  - bDontReuseConnections = false  - Libcurl will reuse connections
LogInit:  - CertBundlePath = nullptr  - Libcurl will use whatever was configured at build time.
LogInit:  - MaxHostConnections = 16  - Libcurl will limit the number of connections to a host
LogInit:  - LocalHostAddr = Default
LogInit: WinSock: version 1.1 (2.2), MaxSocks=32767, MaxUdp=65467
LogInit: WinSock: I am Owner-PC (192.168.0.17:0)
LogInit: Build: ++UE4+Release-4.19-CL-3989454
LogInit: Engine Version: 4.19.1-3989454+++UE4+Release-4.19
LogInit: Compatible Engine Version: 4.19.0-3944462+++UE4+Release-4.19
LogInit: Net CL: 3944462
LogDevObjectVersion: Number of dev versions registered: 18
LogDevObjectVersion:   Dev-Blueprints (B0D832E4-1F89-4F0D-ACCF-7EB736FD4AA2): 10
LogDevObjectVersion:   Dev-Build (E1C64328-A22C-4D53-A36C-8E866417BD8C): 0
LogDevObjectVersion:   Dev-Core (375EC13C-06E4-48FB-B500-84F0262A717E): 2
LogDevObjectVersion:   Dev-Editor (E4B068ED-F494-42E9-A231-DA0B2E46BB41): 23
LogDevObjectVersion:   Dev-Framework (CFFC743F-43B0-4480-9391-14DF171D2073): 33
LogDevObjectVersion:   Dev-Mobile (B02B49B5-BB20-44E9-A304-32B752E40360): 2
LogDevObjectVersion:   Dev-Networking (A4E4105C-59A1-49B5-A7C5-40C4547EDFEE): 0
LogDevObjectVersion:   Dev-Online (39C831C9-5AE6-47DC-9A44-9C173E1C8E7C): 0
LogDevObjectVersion:   Dev-Physics (78F01B33-EBEA-4F98-B9B4-84EACCB95AA2): 0
LogDevObjectVersion:   Dev-Platform (6631380F-2D4D-43E0-8009-CF276956A95A): 0
LogDevObjectVersion:   Dev-Rendering (12F88B9F-8875-4AFC-A67C-D90C383ABD29): 25
LogDevObjectVersion:   Dev-Sequencer (7B5AE74C-D270-4C10-A958-57980B212A5A): 6
LogDevObjectVersion:   Dev-VR (D7296918-1DD6-4BDD-9DE2-64A83CC13884): 1
LogDevObjectVersion:   Dev-LoadTimes (C2A15278-BFE7-4AFE-6C17-90FF531DF755): 1
LogDevObjectVersion:   Private-Geometry (6EACA3D4-40EC-4CC1-B786-8BED09428FC5): 2
LogDevObjectVersion:   Dev-AnimPhys (29E575DD-E0A3-4627-9D10-D276232CDCEA): 16
LogDevObjectVersion:   Dev-ReflectionCapture (6B266CEC-1EC7-4B8F-A30B-E4D90942FC07): 1
LogDevObjectVersion:   Dev-Automation (0DF73D61-A23F-47EA-B727-89E90C41499A): 1
LogInit: Compiled (64-bit): Apr  6 2018 12:26:04
LogInit: Compiled with Visual C++: 19.00.24215.01
LogInit: Build Configuration: Development
LogInit: Branch Name: ++UE4+Release-4.19
LogInit: Command Line:  
LogInit: Base Directory: C:/Program Files/Epic Games/UE_4.19/Engine/Binaries/Win64/
LogInit: Installed Engine Build: 1
LogStreaming: Display: Took  0.002s to delete old logs.
LogInit: Presizing for max 8388607 objects, including 0 objects not considered by GC, pre-allocating 0 bytes for permanent pool.
LogInit: Object subsystem initialized
[2018.04.23-09.40.19:596][  0]LogInit: Selected Device Profile: [Windows]
[2018.04.23-09.40.19:596][  0]LogInit: Applying CVar settings loaded from the selected device profile: [Windows]
[2018.04.23-09.40.19:607][  0]LogInit: Computer: OWNER-PC
[2018.04.23-09.40.19:607][  0]LogInit: User: Owner
[2018.04.23-09.40.19:607][  0]LogInit: CPU Page size=4096, Cores=2
[2018.04.23-09.40.19:607][  0]LogInit: High frequency timer resolution =3.312801 MHz
[2018.04.23-09.40.19:607][  0]LogMemory: Memory total: Physical=7.9GB (8GB approx)
[2018.04.23-09.40.19:607][  0]LogMemory: Platform Memory Stats for Windows
[2018.04.23-09.40.19:607][  0]LogMemory: Process Physical Memory: 275.28 MB used, 275.28 MB peak
[2018.04.23-09.40.19:607][  0]LogMemory: Process Virtual Memory: 266.07 MB used, 266.07 MB peak
[2018.04.23-09.40.19:607][  0]LogMemory: Physical Memory: 2628.76 MB used,  5432.68 MB free, 8061.44 MB total
[2018.04.23-09.40.19:607][  0]LogMemory: Virtual Memory: 686.05 MB used,  5432.68 MB free, 134217728.00 MB total
[2018.04.23-09.40.19:630][  0]LogInit: Using OS detected language (en-US).
[2018.04.23-09.40.19:630][  0]LogInit: Using OS detected locale (en-US).
[2018.04.23-09.40.19:634][  0]LogTextLocalizationManager: No specific localization for 'en-US' exists, so the 'en' localization will be used.
[2018.04.23-09.40.20:182][  0]LogStreaming: Display: Took  0.551s to EndInitTextLocalization.
[2018.04.23-09.40.20:182][  0]LogInit: Setting process to per monitor DPI aware
[2018.04.23-09.40.20:222][  0]LogSlate: New Slate User Created.  User Index 0, Is Virtual User: 0
[2018.04.23-09.40.20:222][  0]LogSlate: Slate User Registered.  User Index 0, Is Virtual User: 0
[2018.04.23-09.40.20:457][  0]LogD3D11RHI: D3D11 adapters:
[2018.04.23-09.40.20:464][  0]LogD3D11RHI:    0. 'Intel(R) HD Graphics' (Feature Level 11_0)
[2018.04.23-09.40.20:464][  0]LogD3D11RHI:       32/0/1760 MB DedicatedVideo/DedicatedSystem/SharedSystem, Outputs:1, VendorId:0x8086
[2018.04.23-09.40.20:467][  0]LogD3D11RHI:    1. 'Microsoft Basic Render Driver' (Feature Level 11_0)
[2018.04.23-09.40.20:467][  0]LogD3D11RHI:       0/0/4030 MB DedicatedVideo/DedicatedSystem/SharedSystem, Outputs:0, VendorId:0x1414
[2018.04.23-09.40.20:467][  0]LogD3D11RHI: Chosen D3D11 Adapter: 0
[2018.04.23-09.40.20:472][  0]LogD3D11RHI: Creating new Direct3DDevice
[2018.04.23-09.40.20:472][  0]LogD3D11RHI:     GPU DeviceId: 0x152 (for the marketing name, search the web for "GPU Device Id")
[2018.04.23-09.40.20:472][  0]LogWindows: EnumDisplayDevices:
[2018.04.23-09.40.20:472][  0]LogWindows:    0. 'Intel(R) HD Graphics' (P:1 D:1)
[2018.04.23-09.40.20:472][  0]LogWindows:    1. 'Intel(R) HD Graphics' (P:0 D:0)
[2018.04.23-09.40.20:472][  0]LogWindows:    2. 'Intel(R) HD Graphics' (P:0 D:0)
[2018.04.23-09.40.20:472][  0]LogWindows: DebugString: GetVideoDriverDetailsInvalid PrimaryIsNotTheChoosenAdapter GetVideoDriverDetailsInvalid PrimaryIsNotTheChoosenAdapter GetVideoDriverDetailsInvalid PrimaryIsNotTheChoosenAdapter FoundDriverCount:0 
[2018.04.23-09.40.20:472][  0]LogD3D11RHI:     Adapter Name: Intel(R) HD Graphics
[2018.04.23-09.40.20:473][  0]LogD3D11RHI:   Driver Version: Unknown (internal:Unknown, unified:Unknown)
[2018.04.23-09.40.20:473][  0]LogD3D11RHI:      Driver Date: Unknown
[2018.04.23-09.40.20:473][  0]LogRHI: Texture pool is 638 MB (70% of 912 MB)
[2018.04.23-09.40.20:476][  0]LogD3D11RHI: Async texture creation enabled
[2018.04.23-09.40.20:481][  0]LogD3D11RHI: GPU Timing Frequency: 12.500000 (Debug: 2 0)
[2018.04.23-09.40.20:482][  0]LogShaderCompilers: Guid format shader working directory is -19 characters bigger than the processId version (../../../../../../Users/Owner/Documents/Unreal Projects/MyProject/Intermediate/Shaders/WorkingDirectory/1468/).
[2018.04.23-09.40.20:482][  0]LogShaderCompilers: Cleaned the shader compiler working directory 'C:/Users/Owner/AppData/Local/Temp/UnrealShaderWorkingDir/E091D43448D55E612C6F669A9D47ECBE/'.
[2018.04.23-09.40.20:760][  0]LogTemp: Display: Loaded TP AllDesktopTargetPlatform
[2018.04.23-09.40.20:777][  0]LogTemp: Display: Loaded TP MacClientTargetPlatform
[2018.04.23-09.40.20:794][  0]LogTemp: Display: Loaded TP MacNoEditorTargetPlatform
[2018.04.23-09.40.20:812][  0]LogTemp: Display: Loaded TP MacServerTargetPlatform
[2018.04.23-09.40.20:829][  0]LogTemp: Display: Loaded TP MacTargetPlatform
[2018.04.23-09.40.20:845][  0]LogTemp: Display: Loaded TP WindowsClientTargetPlatform
[2018.04.23-09.40.20:863][  0]LogTemp: Display: Loaded TP WindowsNoEditorTargetPlatform
[2018.04.23-09.40.20:880][  0]LogTemp: Display: Loaded TP WindowsServerTargetPlatform
[2018.04.23-09.40.20:888][  0]LogTemp: Display: Loaded TP WindowsTargetPlatform
[2018.04.23-09.40.20:903][  0]LogTemp: Display: Loaded TP Android_ASTCTargetPlatform
[2018.04.23-09.40.20:917][  0]LogTemp: Display: Loaded TP Android_ATCTargetPlatform
[2018.04.23-09.40.20:933][  0]LogTemp: Display: Loaded TP Android_DXTTargetPlatform
[2018.04.23-09.40.20:948][  0]LogTemp: Display: Loaded TP Android_ETC1aTargetPlatform
[2018.04.23-09.40.20:963][  0]LogTemp: Display: Loaded TP Android_ETC1TargetPlatform
[2018.04.23-09.40.20:978][  0]LogTemp: Display: Loaded TP Android_ETC2TargetPlatform
[2018.04.23-09.40.21:010][  0]LogTemp: Display: Loaded TP Android_MultiTargetPlatform
[2018.04.23-09.40.21:011][  0]LogTemp: Display: Loaded TP Android_PVRTCTargetPlatform
[2018.04.23-09.40.21:027][  0]LogTemp: Display: Loaded TP AndroidTargetPlatform
[2018.04.23-09.40.21:028][  0]LogTemp: Display: Loaded TP HTML5TargetPlatform
[2018.04.23-09.40.21:069][  0]LogTemp: Display: Loaded TP IOSTargetPlatform
[2018.04.23-09.40.21:083][  0]LogTemp: Display: Loaded TP TVOSTargetPlatform
[2018.04.23-09.40.21:098][  0]LogTemp: Display: Loaded TP LinuxClientTargetPlatform
[2018.04.23-09.40.21:113][  0]LogTemp: Display: Loaded TP LinuxNoEditorTargetPlatform
[2018.04.23-09.40.21:129][  0]LogTemp: Display: Loaded TP LinuxServerTargetPlatform
[2018.04.23-09.40.21:144][  0]LogTemp: Display: Loaded TP LinuxTargetPlatform
[2018.04.23-09.40.21:145][  0]LogTargetPlatformManager: Display: Building Assets For Windows
[2018.04.23-09.40.21:279][  0]LogXGEController: Cleaning working directory: C:/Users/Owner/AppData/Local/Temp/UnrealXGEWorkingDir/
[2018.04.23-09.40.21:279][  0]LogXGEController: Cannot use XGE Controller as Incredibuild is not installed on this machine.
[2018.04.23-09.40.21:279][  0]LogShaderCompilers: Cannot use XGE Shader Compiler as Incredibuild is not installed on this machine.
[2018.04.23-09.40.21:279][  0]LogShaderCompilers: Display: Using Local Shader Compiler.
[2018.04.23-09.40.22:198][  0]LogDerivedDataCache: Display: Max Cache Size: 512 MB
[2018.04.23-09.40.22:294][  0]LogDerivedDataCache: Loaded boot cache 0.10s 74MB C:/Users/Owner/AppData/Local/UnrealEngine/4.19/DerivedDataCache/Boot.ddc.
[2018.04.23-09.40.22:294][  0]LogDerivedDataCache: Display: Loaded Boot cache: C:/Users/Owner/AppData/Local/UnrealEngine/4.19/DerivedDataCache/Boot.ddc
[2018.04.23-09.40.22:295][  0]LogDerivedDataCache: FDerivedDataBackendGraph:  Pak pak cache file ../../../../../../Users/Owner/Documents/Unreal Projects/MyProject/DerivedDataCache/DDC.ddp not found, will not use a pak cache.
[2018.04.23-09.40.22:295][  0]LogDerivedDataCache: Unable to find inner node Pak for hierarchical cache Hierarchy.
[2018.04.23-09.40.22:295][  0]LogDerivedDataCache: FDerivedDataBackendGraph:  CompressedPak pak cache file ../../../../../../Users/Owner/Documents/Unreal Projects/MyProject/DerivedDataCache/Compressed.ddp not found, will not use a pak cache.
[2018.04.23-09.40.22:295][  0]LogDerivedDataCache: Unable to find inner node CompressedPak for hierarchical cache Hierarchy.
[2018.04.23-09.40.22:313][  0]LogDerivedDataCache: Display: Pak cache opened for reading ../../../Engine/DerivedDataCache/Compressed.ddp.
[2018.04.23-09.40.22:326][  0]LogDerivedDataCache: Using Local data cache path C:/Users/Owner/AppData/Local/UnrealEngine/Common/DerivedDataCache: Writable
[2018.04.23-09.40.22:341][  0]LogMaterial: Verifying Global Shaders for PCD3D_SM5
[2018.04.23-09.40.22:342][  0]LogSlate: Using Freetype 2.6.0
[2018.04.23-09.40.22:342][  0]LogSlate: SlateFontCache - WITH_FREETYPE: 1, WITH_HARFBUZZ: 1
[2018.04.23-09.40.22:342][  0]LogSlate: SlateFontCache - WITH_FREETYPE: 1, WITH_HARFBUZZ: 1
[2018.04.23-09.40.22:484][  0]LogAssetRegistry: FAssetRegistry took 0.0276 seconds to start up
[2018.04.23-09.40.22:941][  0]LogInit: Selected Device Profile: [Windows]
[2018.04.23-09.40.23:120][  0]LogSimplygon: Simplygon DLL not present - disabling.
[2018.04.23-09.40.23:124][  0]LogMeshReduction: Using SimplygonSwarm for distributed automatic mesh merging
[2018.04.23-09.40.23:124][  0]LogMeshReduction: Using QuadricMeshReduction for automatic static mesh reduction
[2018.04.23-09.40.23:124][  0]LogMeshReduction: No automatic skeletal mesh reduction module available
[2018.04.23-09.40.23:124][  0]LogMeshReduction: No automatic mesh merging module available
[2018.04.23-09.40.23:124][  0]LogMeshMerging: No automatic mesh merging module available
[2018.04.23-09.40.23:165][  0]LogNetVersion: MyProject , NetCL: 3944462, EngineNetVer: 2, GameNetVer: 0 (Checksum: 2475486345)
[2018.04.23-09.40.23:743][  0]LogPackageLocalizationCache: Processed 9 localized package path(s) for 2 prioritized culture(s) in 0.085001 seconds
[2018.04.23-09.40.23:750][  0]LogUObjectArray: 36728 objects as part of root set at end of initial load.
[2018.04.23-09.40.23:750][  0]LogUObjectAllocator: 7314312 out of 0 bytes used by permanent object pool.
[2018.04.23-09.40.23:750][  0]LogUObjectArray: CloseDisregardForGC: 0/0 objects in disregard for GC pool
[2018.04.23-09.40.25:699][  0]LogTcpMessaging: Initializing TcpMessaging bridge
[2018.04.23-09.40.25:739][  0]LogUdpMessaging: Initializing bridge on interface 0.0.0.0:0 to multicast group 230.0.0.1:6666.
[2018.04.23-09.40.26:155][  0]SourceControl: Source control is disabled
[2018.04.23-09.40.26:155][  0]SourceControl: Source control is disabled
[2018.04.23-09.40.26:178][  0]SourceControl: Source control is disabled
[2018.04.23-09.40.26:198][  0]SourceControl: Source control is disabled
[2018.04.23-09.40.26:768][  0]LogAndroidPermission: UAndroidPermissionCallbackProxy::GetInstance
[2018.04.23-09.40.26:930][  0]LogOcInput: OculusInput pre-init called
[2018.04.23-09.40.27:068][  0]LogEngine: Initializing Engine...
[2018.04.23-09.40.27:072][  0]LogHMD: Failed to initialize OpenVR with code 105
[2018.04.23-09.40.27:074][  0]LogStats: UGameplayTagsManager::ConstructGameplayTagTree: Construct from data asset -  0.000 s
[2018.04.23-09.40.27:074][  0]LogStats: UGameplayTagsManager::ConstructGameplayTagTree: GameplayTagTreeChangedEvent.Broadcast -  0.000 s
[2018.04.23-09.40.27:386][  0]LogAIModule: Creating AISystem for world Untitled
[2018.04.23-09.40.27:423][  0]LogInit: XAudio2 using 'Speakers (Realtek High Definition Audio)' : 2 channels at 48 kHz using 32 bits per sample (channel mask 0x3)
[2018.04.23-09.40.27:463][  0]LogInit: FAudioDevice initialized.
[2018.04.23-09.40.27:599][  0]LogDerivedDataCache: Saved boot cache 0.14s 74MB C:/Users/Owner/AppData/Local/UnrealEngine/4.19/DerivedDataCache/Boot.ddc.
[2018.04.23-09.40.27:617][  0]LogInit: Texture streaming: Enabled
[2018.04.23-09.40.27:640][  0]LogEngineSessionManager: EngineSessionManager initialized
[2018.04.23-09.40.27:640][  0]LogEngineSessionManager: EngineSessionManager sent abnormal shutdown report. Type=Crashed, SessionId={437339F4-41D4-EA6C-0ABB-E4B7A73BCA88}
[2018.04.23-09.40.27:655][  0]LogInit: Transaction tracking system initialized
[2018.04.23-09.40.27:687][  0]BlueprintLog: New page: Editor Load
[2018.04.23-09.40.27:784][  0]LocalizationService: Localization service is disabled
[2018.04.23-09.40.27:901][  0]LogConsoleResponse: Display: 
[2018.04.23-09.40.28:108][  0]LogCook: Display: Max memory allowance for cook 16384mb min free memory 0mb
[2018.04.23-09.40.28:109][  0]LogCook: Display: Mobile HDR setting 1
[2018.04.23-09.40.28:109][  0]LogGameplayTags: Display: UGameplayTagsManager::DoneAddingNativeTags. DelegateIsBound: 0
[2018.04.23-09.40.28:109][  0]LogStats: UGameplayTagsManager::ConstructGameplayTagTree: Construct from data asset -  0.000 s
[2018.04.23-09.40.28:109][  0]LogStats: UGameplayTagsManager::ConstructGameplayTagTree: GameplayTagTreeChangedEvent.Broadcast -  0.000 s
[2018.04.23-09.40.28:589][  0]LogFileCache: Scanning file cache for directory 'C:/Users/Owner/Documents/Unreal Projects/MyProject/Content/' took 0.01s
[2018.04.23-09.40.28:589][  0]SourceControl: Source control is disabled
[2018.04.23-09.40.28:590][  0]Cmd: MAP LOAD FILE="../../../Engine/Content/Maps/Templates/Template_Default.umap" TEMPLATE=1 SHOWPROGRESS=1 FEATURELEVEL=3
[2018.04.23-09.40.28:590][  0]LightingResults: New page: Lighting Build
[2018.04.23-09.40.28:594][  0]MapCheck: New page: Map Check
[2018.04.23-09.40.28:594][  0]LightingResults: New page: Lighting Build
[2018.04.23-09.40.28:851][  0]LogAIModule: Creating AISystem for world Untitled_1
[2018.04.23-09.40.28:861][  0]LogEditorServer: Finished looking for orphan Actors (0.000 secs)
[2018.04.23-09.40.28:886][  0]Cmd: MAP CHECKDEP NOCLEARLOG
[2018.04.23-09.40.28:946][  0]MapCheck: Map check complete: 0 Error(s), 0 Warning(s), took 59.521ms to complete.
[2018.04.23-09.40.28:946][  0]LogFileHelpers: Loading map 'Template_Default' took 0.356
[2018.04.23-09.40.29:004][  0]LogWindowsTextInputMethodSystem: Display: IME system now deactivated.
[2018.04.23-09.40.29:088][  0]LogCollectionManager: Loaded 0 collections in 0.003339 seconds
[2018.04.23-09.40.29:129][  0]LogFileCache: Scanning file cache for directory 'C:/Users/Owner/Documents/Unreal Projects/MyProject/Saved/Collections/' took 0.01s
[2018.04.23-09.40.29:129][  0]LogFileCache: Scanning file cache for directory 'C:/Users/Owner/Documents/Unreal Projects/MyProject/Content/Developers/Owner/Collections/' took 0.01s
[2018.04.23-09.40.29:129][  0]LogFileCache: Scanning file cache for directory 'C:/Users/Owner/Documents/Unreal Projects/MyProject/Content/Collections/' took 0.01s
[2018.04.23-09.40.29:129][  0]LogCollectionManager: Rebuilt the GUID cache for 0 collections in 0.000000 seconds
[2018.04.23-09.40.29:141][  0]LogContentBrowser: Native class hierarchy populated in 0.0118 seconds. Added 2452 classes and 558 folders.
[2018.04.23-09.40.29:149][  0]LogContentBrowser: Native class hierarchy updated for 'WidgetCarousel' in 0.0003 seconds. Added 0 classes and 0 folders.
[2018.04.23-09.40.29:205][  0]LogContentBrowser: Native class hierarchy updated for 'AddContentDialog' in 0.0003 seconds. Added 0 classes and 0 folders.
[2018.04.23-09.40.29:211][  0]LogContentBrowser: Native class hierarchy updated for 'SceneOutliner' in 0.0003 seconds. Added 1 classes and 2 folders.
[2018.04.23-09.40.29:231][  0]LogSlate: Took 0.000241 seconds to synchronously load lazily loaded font '../../../Engine/Content/Slate/Fonts/Roboto-Regular.ttf' (155K)
[2018.04.23-09.40.29:234][  0]LogSlate: Took 0.000307 seconds to synchronously load lazily loaded font '../../../Engine/Content/Slate/Fonts/Roboto-Bold.ttf' (160K)
[2018.04.23-09.40.29:243][  0]LogSlate: Took 0.000577 seconds to synchronously load lazily loaded font '../../../Engine/Content/Editor/Slate/Fonts/FontAwesome.ttf' (139K)
[2018.04.23-09.40.29:383][  0]LogRenderer: Reallocating scene render targets to support 1208x576 Format 10 NumSamples 1 (Frame:1).
[2018.04.23-09.40.30:070][  0]LogSlate: FSceneViewport::OnFocusLost() reason 2
[2018.04.23-09.40.30:089][  0]LogSlate: Window 'Tutorials' being destroyed
[2018.04.23-09.40.30:124][  0]LogContentBrowser: Native class hierarchy updated for 'HierarchicalLODOutliner' in 0.0003 seconds. Added 0 classes and 0 folders.
[2018.04.23-09.40.30:124][  0]LogLoad: (Engine Initialization) Total time: 13.62 seconds
[2018.04.23-09.40.30:124][  0]LogLoad: (Engine Initialization) Total Blueprint compile time: 0.00 seconds
[2018.04.23-09.40.30:154][  0]LogContentStreaming: Texture pool size now 1000 MB
[2018.04.23-09.40.30:198][  1]LogAssetRegistry: Asset discovery search completed in 7.7361 seconds
[2018.04.23-09.40.30:200][  1]LogCollectionManager: Rebuilt the object cache for 0 collections in 0.000001 seconds (found 0 objects)
[2018.04.23-09.40.30:200][  1]LogCollectionManager: Fixed up redirectors for 0 collections in 0.000088 seconds (updated 0 objects)
[2018.04.23-09.40.32:599][  3]LogD3D11RHI: Error: Direct3DDevice->CreateBuffer(&Desc, NULL, UniformBufferResource.GetInitReference()) failed 
 at D:\Build\++UE4+Release-4.19+Compile\Sync\Engine\Source\Runtime\Windows\D3D11RHI\Private\D3D11UniformBuffer.cpp:159 
 with error DXGI_ERROR_DEVICE_REMOVED DXGI_ERROR_DEVICE_HUNG
[2018.04.23-09.40.32:599][  3]LogWindows: Windows GetLastError: The operation completed successfully. (0)
[2018.04.23-09.40.33:614][  3]LogWindows: Windows GetLastError: The operation completed successfully. (0)
[2018.04.23-09.40.33:614][  3]LogWindows: Error: === Critical error: ===
[2018.04.23-09.40.33:614][  3]LogWindows: Error: 
[2018.04.23-09.40.33:614][  3]LogWindows: Error: Fatal error: [File:D:\Build\++UE4+Release-4.19+Compile\Sync\Engine\Source\Runtime\RenderCore\Private\RenderingThread.cpp] [Line: 819] 
[2018.04.23-09.40.33:614][  3]LogWindows: Error: Rendering thread exception:
[2018.04.23-09.40.33:614][  3]LogWindows: Error: Fatal error: [File:D:\Build\++UE4+Release-4.19+Compile\Sync\Engine\Source\Runtime\Windows\D3D11RHI\Private\D3D11Util.cpp] [Line: 182] 
[2018.04.23-09.40.33:614][  3]LogWindows: Error: Unreal Engine is exiting due to D3D device being lost. (Error: 0x887A0006 - 'HUNG')
[2018.04.23-09.40.33:614][  3]LogWindows: Error: 
[2018.04.23-09.40.33:614][  3]LogWindows: Error: 
[2018.04.23-09.40.33:614][  3]LogWindows: Error: [Callstack] 0x00000000F4404008 KERNELBASE.dll!UnknownFunction []
[2018.04.23-09.40.33:614][  3]LogWindows: Error: [Callstack] 0x00000000CB1F7884 UE4Editor-ApplicationCore.dll!UnknownFunction []
[2018.04.23-09.40.33:614][  3]LogWindows: Error: [Callstack] 0x00000000BF256D8B UE4Editor-Core.dll!UnknownFunction []
[2018.04.23-09.40.33:615][  3]LogWindows: Error: [Callstack] 0x00000000BF191929 UE4Editor-Core.dll!UnknownFunction []
[2018.04.23-09.40.33:615][  3]LogWindows: Error: [Callstack] 0x00000000AA8FA0CF UE4Editor-D3D11RHI.dll!UnknownFunction []
[2018.04.23-09.40.33:615][  3]LogWindows: Error: [Callstack] 0x00000000AA8FE5E0 UE4Editor-D3D11RHI.dll!UnknownFunction []
[2018.04.23-09.40.33:615][  3]LogWindows: Error: [Callstack] 0x00000000AA8E5DAC UE4Editor-D3D11RHI.dll!UnknownFunction []
[2018.04.23-09.40.33:615][  3]LogWindows: Error: [Callstack] 0x00000000ACF19DF2 UE4Editor-Renderer.dll!UnknownFunction []
[2018.04.23-09.40.33:615][  3]LogWindows: Error: [Callstack] 0x00000000AD33D923 UE4Editor-Renderer.dll!UnknownFunction []
[2018.04.23-09.40.33:615][  3]LogWindows: Error: [Callstack] 0x00000000AD285793 UE4Editor-Renderer.dll!UnknownFunction []
[2018.04.23-09.40.33:615][  3]LogWindows: Error: [Callstack] 0x00000000AD39E38F UE4Editor-Renderer.dll!UnknownFunction []
[2018.04.23-09.40.33:615][  3]LogWindows: Error: [Callstack] 0x00000000AD487CFB UE4Editor-Renderer.dll!UnknownFunction []
[2018.04.23-09.40.33:615][  3]LogWindows: Error: [Callstack] 0x00000000AD4B480E UE4Editor-Renderer.dll!UnknownFunction []
[2018.04.23-09.40.33:615][  3]LogWindows: Error: [Callstack] 0x00000000AD4AFE30 UE4Editor-Renderer.dll!UnknownFunction []
[2018.04.23-09.40.33:615][  3]LogWindows: Error: [Callstack] 0x00000000BF06B713 UE4Editor-Core.dll!UnknownFunction []
[2018.04.23-09.40.33:615][  3]LogWindows: Error: [Callstack] 0x00000000BF06BD3A UE4Editor-Core.dll!UnknownFunction []
[2018.04.23-09.40.33:615][  3]LogWindows: Error: [Callstack] 0x00000000D3AC3CC9 UE4Editor-RenderCore.dll!UnknownFunction []
[2018.04.23-09.40.33:615][  3]LogWindows: Error: [Callstack] 0x00000000D3AC4CF6 UE4Editor-RenderCore.dll!UnknownFunction []
[2018.04.23-09.40.33:615][  3]LogWindows: Error: [Callstack] 0x00000000BF439FEC UE4Editor-Core.dll!UnknownFunction []
[2018.04.23-09.40.33:615][  3]LogWindows: Error: [Callstack] 0x00000000BF42ED53 UE4Editor-Core.dll!UnknownFunction []
[2018.04.23-09.40.33:615][  3]LogWindows: Error: [Callstack] 0x00000000F6291FE4 KERNEL32.DLL!UnknownFunction []
[2018.04.23-09.40.33:615][  3]LogWindows: Error: [Callstack] 0x00000000F805F061 ntdll.dll!UnknownFunction []
[2018.04.23-09.40.33:615][  3]LogWindows: Error: [Callstack] 0x00000000F805F061 ntdll.dll!UnknownFunction []
[2018.04.23-09.40.33:615][  3]LogWindows: Error: 
[2018.04.23-09.40.33:615][  3]LogWindows: Error: 
[2018.04.23-09.40.33:615][  3]LogWindows: Error: 
[2018.04.23-09.40.33:615][  3]LogWindows: Error: 
[2018.04.23-09.40.33:632][  3]LogExit: Executing StaticShutdownAfterError
[2018.04.23-09.40.33:636][  3]LogWindows: FPlatformMisc::RequestExit(1)
[2018.04.23-09.40.33:637][  3]Log file closed, 04/23/18 02:40:33
